2018-03-21 01:58:53,632:INFO: Creating the dataset...
2018-03-21 01:58:53,712:INFO: Creating the model...
2018-03-21 01:58:53,828:INFO: Starting evaluation
2018-03-21 01:58:53,892:INFO: Restoring parameters from experiments/keras_new/best_weights/after-epoch-1
2018-03-21 01:59:12,602:INFO: - Eval metrics: accuracy: 0.255 ; recall: 1.000 ; loss: 12.632
2018-03-21 03:23:02,459:INFO: Creating the dataset...
2018-03-21 03:23:02,538:INFO: Creating the model...
2018-03-21 03:23:02,651:INFO: Starting evaluation
2018-03-21 03:23:02,714:INFO: Restoring parameters from experiments/keras_new/best_weights/after-epoch-10
2018-03-21 03:23:21,381:INFO: - Eval metrics: accuracy: 0.735 ; recall: 0.219 ; loss: 2.410
2018-03-21 06:43:46,082:INFO: Creating the dataset...
2018-03-21 06:43:46,247:INFO: Creating the model...
2018-03-21 06:43:46,549:INFO: Starting evaluation
2018-03-21 06:43:46,698:INFO: Restoring parameters from experiments/keras_new/best_weights/after-epoch-7
2018-03-21 06:46:06,037:INFO: - Eval metrics: accuracy: 0.643 ; recall: 0.343 ; loss: 1.254
2018-03-21 08:28:43,301:INFO: Creating the dataset...
2018-03-21 08:28:43,379:INFO: Creating the model...
2018-03-21 08:28:43,490:INFO: Starting evaluation
2018-03-21 08:28:43,553:INFO: Restoring parameters from experiments/keras_new/best_weights/after-epoch-10
2018-03-21 08:29:53,209:INFO: - Eval metrics: accuracy: 0.681 ; recall: 0.289 ; loss: 1.587
2018-03-21 08:44:02,774:INFO: Creating the dataset...
2018-03-21 08:44:02,853:INFO: Creating the model...
2018-03-21 08:44:02,968:INFO: Starting evaluation
2018-03-21 08:44:03,030:INFO: Restoring parameters from experiments/keras_new/best_weights/after-epoch-10
2018-03-21 08:45:12,579:INFO: - Eval metrics: accuracy: 0.681 ; recall: 0.289 ; loss: 1.587
2018-03-21 08:51:22,371:INFO: Creating the dataset...
2018-03-21 08:51:22,450:INFO: Creating the model...
2018-03-21 08:51:22,616:INFO: Starting evaluation
2018-03-21 08:51:22,738:INFO: Restoring parameters from experiments/keras_new/best_weights/after-epoch-10
2018-03-21 13:46:33,187:INFO: Creating the dataset...
2018-03-21 13:46:33,265:INFO: Creating the model...
2018-03-21 13:46:33,430:INFO: Starting evaluation
2018-03-21 13:46:33,552:INFO: Restoring parameters from experiments/keras_new/best_weights/after-epoch-3
2018-03-21 13:48:52,666:INFO: - Eval metrics: accuracy: 0.669 ; recall: 0.301 ; loss: 1.029
