2018-03-19 07:44:36,615:INFO: Creating the datasets...
2018-03-19 07:44:36,715:INFO: Creating the model...
2018-03-19 07:44:37,114:INFO: Starting training for 1 epoch(s)
2018-03-19 07:44:37,583:INFO: Epoch 1/1
2018-03-19 07:44:42,490:INFO: - Train metrics: accuracy: 0.144 ; recall: 1.000 ; loss: 0.902
2018-03-19 07:46:56,027:INFO: Creating the datasets...
2018-03-19 07:46:56,127:INFO: Creating the model...
2018-03-19 07:46:56,527:INFO: Starting training for 1 epoch(s)
2018-03-19 07:46:56,995:INFO: Epoch 1/1
2018-03-19 07:47:01,865:INFO: - Train metrics: accuracy: 0.144 ; recall: 1.000 ; loss: 0.902
2018-03-19 07:48:18,410:INFO: Creating the datasets...
2018-03-19 07:48:18,509:INFO: Creating the model...
2018-03-19 07:48:18,903:INFO: Starting training for 1 epoch(s)
2018-03-19 07:48:19,379:INFO: Epoch 1/1
2018-03-19 07:48:24,342:INFO: - Train metrics: accuracy: 0.144 ; recall: 1.000 ; loss: 0.897
2018-03-19 07:50:20,031:INFO: Creating the datasets...
2018-03-19 07:50:20,133:INFO: Creating the model...
2018-03-19 07:50:20,541:INFO: Starting training for 1 epoch(s)
2018-03-19 07:50:21,018:INFO: Epoch 1/1
2018-03-19 07:50:25,895:INFO: - Train metrics: accuracy: 0.144 ; recall: 1.000 ; loss: 0.900
2018-03-19 07:51:32,322:INFO: Creating the datasets...
2018-03-19 07:51:32,422:INFO: Creating the model...
2018-03-19 07:51:32,829:INFO: Starting training for 1 epoch(s)
2018-03-19 07:51:33,315:INFO: Epoch 1/1
2018-03-19 07:51:38,226:INFO: - Train metrics: accuracy: 0.144 ; recall: 1.000 ; loss: 0.903
2018-03-19 07:56:20,211:INFO: Creating the datasets...
2018-03-19 07:56:20,311:INFO: Creating the model...
2018-03-19 07:56:20,714:INFO: Starting training for 1 epoch(s)
2018-03-19 07:56:20,811:WARNING: From /home/ubuntu/anaconda3/lib/python3.6/site-packages/tensorflow/python/util/tf_should_use.py:107: initialize_all_variables (from tensorflow.python.ops.variables) is deprecated and will be removed after 2017-03-02.
Instructions for updating:
Use `tf.global_variables_initializer` instead.
2018-03-19 07:59:51,780:INFO: Creating the datasets...
2018-03-19 07:59:51,880:INFO: Creating the model...
2018-03-19 07:59:52,244:WARNING: From /home/ubuntu/anaconda3/lib/python3.6/site-packages/tensorflow/python/util/tf_should_use.py:107: initialize_all_variables (from tensorflow.python.ops.variables) is deprecated and will be removed after 2017-03-02.
Instructions for updating:
Use `tf.global_variables_initializer` instead.
2018-03-19 07:59:58,706:INFO: Creating the datasets...
2018-03-19 07:59:58,811:INFO: Creating the model...
2018-03-19 07:59:59,194:WARNING: From /home/ubuntu/anaconda3/lib/python3.6/site-packages/tensorflow/python/util/tf_should_use.py:107: initialize_all_variables (from tensorflow.python.ops.variables) is deprecated and will be removed after 2017-03-02.
Instructions for updating:
Use `tf.global_variables_initializer` instead.
2018-03-19 07:59:59,329:INFO: Starting training for 1 epoch(s)
2018-03-19 08:01:03,275:INFO: Creating the datasets...
2018-03-19 08:01:03,377:INFO: Creating the model...
2018-03-19 08:01:03,744:WARNING: From /home/ubuntu/anaconda3/lib/python3.6/site-packages/tensorflow/python/util/tf_should_use.py:107: initialize_all_variables (from tensorflow.python.ops.variables) is deprecated and will be removed after 2017-03-02.
Instructions for updating:
Use `tf.global_variables_initializer` instead.
2018-03-19 08:01:03,874:INFO: Starting training for 1 epoch(s)
2018-03-19 08:01:04,353:INFO: Epoch 1/1
2018-03-19 08:01:09,222:INFO: - Train metrics: accuracy: 0.144 ; recall: 1.000 ; loss: 0.904
2018-03-19 08:03:32,929:INFO: Creating the datasets...
2018-03-19 08:03:33,029:INFO: Creating the model...
2018-03-19 08:03:33,434:INFO: Starting training for 1 epoch(s)
2018-03-19 08:03:33,904:INFO: Epoch 1/1
2018-03-19 08:03:38,791:INFO: - Train metrics: accuracy: 0.144 ; recall: 1.000 ; loss: 0.899
2018-03-19 08:07:13,752:INFO: Creating the datasets...
2018-03-19 08:07:13,853:INFO: Creating the model...
2018-03-19 08:07:14,118:INFO: Starting training for 1 epoch(s)
2018-03-19 08:07:14,944:INFO: Epoch 1/1
2018-03-19 08:07:15,803:INFO: - Train metrics: accuracy: 0.144 ; recall: 1.000 ; loss: 0.903
2018-03-19 08:09:11,673:INFO: Creating the datasets...
2018-03-19 08:09:11,775:INFO: Creating the model...
2018-03-19 08:09:12,045:INFO: Starting training for 1 epoch(s)
2018-03-19 08:09:12,888:INFO: Epoch 1/1
2018-03-19 08:09:13,740:INFO: - Train metrics: accuracy: 0.144 ; recall: 1.000 ; loss: 0.892
2018-03-19 08:13:27,087:INFO: Creating the datasets...
2018-03-19 08:13:27,186:INFO: Creating the model...
2018-03-19 08:13:35,844:INFO: Creating the datasets...
2018-03-19 08:13:35,944:INFO: Creating the model...
2018-03-19 08:13:47,262:INFO: Creating the datasets...
2018-03-19 08:13:47,367:INFO: Creating the model...
2018-03-19 08:13:47,643:INFO: Starting training for 1 epoch(s)
2018-03-19 08:13:48,489:INFO: Epoch 1/1
2018-03-19 08:13:49,340:INFO: - Train metrics: accuracy: 0.144 ; recall: 1.000 ; loss: 0.899
2018-03-19 08:15:28,631:INFO: Creating the datasets...
2018-03-19 08:15:28,732:INFO: Creating the model...
2018-03-19 08:15:29,028:INFO: Starting training for 1 epoch(s)
2018-03-19 08:15:29,940:INFO: Epoch 1/1
2018-03-19 08:15:30,799:INFO: - Train metrics: accuracy: 0.144 ; recall: 1.000 ; loss: 0.917
2018-03-19 08:16:22,472:INFO: Creating the datasets...
2018-03-19 08:16:22,575:INFO: Creating the model...
2018-03-19 08:16:22,878:INFO: Starting training for 1 epoch(s)
2018-03-19 08:16:23,775:INFO: Epoch 1/1
2018-03-19 08:16:24,634:INFO: - Train metrics: accuracy: 0.144 ; recall: 1.000 ; loss: 0.912
2018-03-19 08:19:03,171:INFO: Creating the datasets...
2018-03-19 08:19:03,271:INFO: Creating the model...
2018-03-19 08:19:03,580:INFO: Starting training for 1 epoch(s)
2018-03-19 08:19:04,485:INFO: Epoch 1/1
2018-03-19 08:19:05,349:INFO: - Train metrics: accuracy: 0.144 ; recall: 1.000 ; loss: 0.897
2018-03-19 08:19:15,523:INFO: Creating the datasets...
2018-03-19 08:19:15,623:INFO: Creating the model...
2018-03-19 08:19:15,921:INFO: Starting training for 1 epoch(s)
2018-03-19 08:19:16,814:INFO: Epoch 1/1
2018-03-19 08:19:17,672:INFO: - Train metrics: accuracy: 0.144 ; recall: 1.000 ; loss: 0.905
2018-03-19 08:20:11,511:INFO: Creating the datasets...
2018-03-19 08:20:11,615:INFO: Creating the model...
2018-03-19 08:20:11,888:INFO: Starting training for 1 epoch(s)
2018-03-19 08:20:12,761:INFO: Epoch 1/1
2018-03-19 08:20:13,604:INFO: - Train metrics: accuracy: 0.144 ; recall: 1.000 ; loss: 0.902
2018-03-19 08:26:13,998:INFO: Creating the datasets...
2018-03-19 08:26:14,101:INFO: Creating the model...
2018-03-19 08:26:14,402:INFO: Starting training for 1 epoch(s)
2018-03-19 08:26:15,474:INFO: Epoch 1/1
2018-03-19 08:26:16,327:INFO: - Train metrics: accuracy: 0.144 ; recall: 1.000 ; loss: 0.893
2018-03-19 08:29:32,696:INFO: Creating the datasets...
2018-03-19 08:29:32,796:INFO: Creating the model...
2018-03-19 08:29:33,082:INFO: Starting training for 1 epoch(s)
2018-03-19 08:29:34,085:WARNING: From /home/ubuntu/anaconda3/lib/python3.6/site-packages/tensorflow/python/util/tf_should_use.py:107: initialize_all_variables (from tensorflow.python.ops.variables) is deprecated and will be removed after 2017-03-02.
Instructions for updating:
Use `tf.global_variables_initializer` instead.
2018-03-19 08:30:09,411:INFO: Creating the datasets...
2018-03-19 08:30:09,512:INFO: Creating the model...
2018-03-19 08:30:09,804:INFO: Starting training for 1 epoch(s)
2018-03-19 08:30:10,880:WARNING: From /home/ubuntu/anaconda3/lib/python3.6/site-packages/tensorflow/python/util/tf_should_use.py:107: initialize_all_variables (from tensorflow.python.ops.variables) is deprecated and will be removed after 2017-03-02.
Instructions for updating:
Use `tf.global_variables_initializer` instead.
2018-03-19 08:30:12,247:INFO: Epoch 1/1
2018-03-19 08:30:13,098:INFO: - Train metrics: accuracy: 0.144 ; recall: 1.000 ; loss: 0.897
2018-03-19 08:30:14,771:INFO: - Eval metrics: accuracy: 0.140 ; recall: 1.000 ; loss: 0.908
2018-03-19 08:30:16,024:INFO: - Found new best accuracy, saving in experiments/keras_new/best_weights/after-epoch-1
2018-03-19 08:31:04,988:INFO: Creating the datasets...
2018-03-19 08:31:05,092:INFO: Creating the model...
2018-03-19 08:31:05,390:INFO: Starting training for 1 epoch(s)
2018-03-19 08:31:06,495:WARNING: From /home/ubuntu/anaconda3/lib/python3.6/site-packages/tensorflow/python/util/tf_should_use.py:107: initialize_all_variables (from tensorflow.python.ops.variables) is deprecated and will be removed after 2017-03-02.
Instructions for updating:
Use `tf.global_variables_initializer` instead.
2018-03-19 08:31:07,865:INFO: Epoch 1/1
2018-03-19 08:31:14,293:INFO: - Train metrics: accuracy: 0.747 ; recall: 0.149 ; loss: 0.725
2018-03-19 08:31:32,717:INFO: - Eval metrics: accuracy: 0.135 ; recall: 1.000 ; loss: 0.912
2018-03-19 08:31:48,215:INFO: - Found new best accuracy, saving in experiments/keras_new/best_weights/after-epoch-1
2018-03-19 08:32:07,070:INFO: Creating the datasets...
2018-03-19 08:32:07,172:INFO: Creating the model...
2018-03-19 08:32:07,575:INFO: Starting training for 1 epoch(s)
2018-03-19 08:32:07,893:WARNING: From /home/ubuntu/anaconda3/lib/python3.6/site-packages/tensorflow/python/util/tf_should_use.py:107: initialize_all_variables (from tensorflow.python.ops.variables) is deprecated and will be removed after 2017-03-02.
Instructions for updating:
Use `tf.global_variables_initializer` instead.
2018-03-19 08:32:08,193:INFO: Epoch 1/1
2018-03-19 08:32:56,254:INFO: - Train metrics: accuracy: 0.171 ; recall: 0.956 ; loss: 0.764
2018-03-19 08:33:15,102:INFO: - Eval metrics: accuracy: 0.135 ; recall: 1.000 ; loss: 0.905
2018-03-19 08:33:15,425:INFO: - Found new best accuracy, saving in experiments/keras_new/best_weights/after-epoch-1
2018-03-19 08:33:19,346:INFO: Creating the datasets...
2018-03-19 08:33:19,462:INFO: Creating the model...
2018-03-19 08:33:19,870:INFO: Starting training for 1 epoch(s)
2018-03-19 08:33:20,190:WARNING: From /home/ubuntu/anaconda3/lib/python3.6/site-packages/tensorflow/python/util/tf_should_use.py:107: initialize_all_variables (from tensorflow.python.ops.variables) is deprecated and will be removed after 2017-03-02.
Instructions for updating:
Use `tf.global_variables_initializer` instead.
2018-03-19 08:33:20,523:INFO: Epoch 1/1
2018-03-19 08:40:28,465:INFO: - Train metrics: accuracy: 0.777 ; recall: 0.127 ; loss: 0.701
2018-03-19 08:40:47,135:INFO: - Eval metrics: accuracy: 0.146 ; recall: 1.000 ; loss: 0.899
2018-03-19 08:40:47,303:INFO: - Found new best accuracy, saving in experiments/keras_new/best_weights/after-epoch-1
2018-03-19 08:42:32,028:INFO: Creating the datasets...
2018-03-19 08:42:32,131:INFO: Creating the model...
2018-03-19 08:42:32,541:INFO: Starting training for 1 epoch(s)
2018-03-19 08:42:32,856:WARNING: From /home/ubuntu/anaconda3/lib/python3.6/site-packages/tensorflow/python/util/tf_should_use.py:107: initialize_all_variables (from tensorflow.python.ops.variables) is deprecated and will be removed after 2017-03-02.
Instructions for updating:
Use `tf.global_variables_initializer` instead.
2018-03-19 08:42:33,171:INFO: Epoch 1/1
2018-03-19 08:43:20,639:INFO: - Train metrics: accuracy: 1.000 ; recall: 1.000 ; loss: 0.649
2018-03-19 08:43:39,312:INFO: - Eval metrics: accuracy: 1.000 ; recall: 1.000 ; loss: 0.663
2018-03-19 08:43:39,458:INFO: - Found new best accuracy, saving in experiments/keras_new/best_weights/after-epoch-1
2018-03-19 08:46:45,421:INFO: Creating the datasets...
2018-03-19 08:46:45,523:INFO: Creating the model...
2018-03-19 08:46:45,896:INFO: Starting training for 1 epoch(s)
2018-03-19 08:46:46,160:WARNING: From /home/ubuntu/anaconda3/lib/python3.6/site-packages/tensorflow/python/util/tf_should_use.py:107: initialize_all_variables (from tensorflow.python.ops.variables) is deprecated and will be removed after 2017-03-02.
Instructions for updating:
Use `tf.global_variables_initializer` instead.
2018-03-19 08:46:46,419:INFO: Epoch 1/1
2018-03-19 08:47:18,370:INFO: Creating the datasets...
2018-03-19 08:47:18,472:INFO: Creating the model...
2018-03-19 08:47:18,881:INFO: Starting training for 1 epoch(s)
2018-03-19 08:47:19,204:WARNING: From /home/ubuntu/anaconda3/lib/python3.6/site-packages/tensorflow/python/util/tf_should_use.py:107: initialize_all_variables (from tensorflow.python.ops.variables) is deprecated and will be removed after 2017-03-02.
Instructions for updating:
Use `tf.global_variables_initializer` instead.
2018-03-19 08:47:19,509:INFO: Epoch 1/1
2018-03-19 08:48:07,292:INFO: - Train metrics: accuracy: 0.809 ; recall: 0.071 ; loss: 0.471
2018-03-19 08:48:25,950:INFO: - Eval metrics: accuracy: 0.511 ; recall: 0.463 ; loss: 0.693
2018-03-19 08:48:26,094:INFO: - Found new best accuracy, saving in experiments/keras_new/best_weights/after-epoch-1
2018-03-19 20:21:50,749:INFO: Creating the datasets...
2018-03-19 20:21:50,853:INFO: Creating the model...
2018-03-19 20:22:44,462:INFO: Creating the datasets...
2018-03-19 20:22:44,567:INFO: Creating the model...
2018-03-19 20:22:44,972:INFO: Starting training for 1 epoch(s)
2018-03-19 20:22:45,289:WARNING: From /home/ubuntu/anaconda3/lib/python3.6/site-packages/tensorflow/python/util/tf_should_use.py:107: initialize_all_variables (from tensorflow.python.ops.variables) is deprecated and will be removed after 2017-03-02.
Instructions for updating:
Use `tf.global_variables_initializer` instead.
2018-03-19 20:22:45,596:INFO: Epoch 1/1
2018-03-19 20:23:53,234:INFO: Creating the datasets...
2018-03-19 20:23:53,341:INFO: Creating the model...
2018-03-19 20:23:53,771:INFO: Starting training for 1 epoch(s)
2018-03-19 20:23:54,090:WARNING: From /home/ubuntu/anaconda3/lib/python3.6/site-packages/tensorflow/python/util/tf_should_use.py:107: initialize_all_variables (from tensorflow.python.ops.variables) is deprecated and will be removed after 2017-03-02.
Instructions for updating:
Use `tf.global_variables_initializer` instead.
2018-03-19 20:23:54,426:INFO: Epoch 1/1
2018-03-19 20:24:42,213:INFO: - Train metrics: accuracy: 0.805 ; recall: 0.083 ; loss: 0.466
2018-03-19 20:25:00,920:INFO: - Eval metrics: accuracy: 0.453 ; recall: 0.537 ; loss: 0.699
2018-03-19 20:25:01,079:INFO: - Found new best accuracy, saving in experiments/keras_new/best_weights/after-epoch-1
2018-03-19 20:25:15,743:INFO: Creating the datasets...
2018-03-19 20:25:15,849:INFO: Creating the model...
2018-03-19 20:25:36,256:INFO: Creating the datasets...
2018-03-19 20:25:36,362:INFO: Creating the model...
2018-03-19 20:26:34,500:INFO: Creating the datasets...
2018-03-19 20:26:34,603:INFO: Creating the model...
2018-03-19 20:27:01,011:INFO: Creating the datasets...
2018-03-19 20:27:01,114:INFO: Creating the model...
2018-03-19 20:29:40,308:INFO: Creating the datasets...
2018-03-19 20:29:40,412:INFO: Creating the model...
2018-03-19 20:29:40,765:INFO: Starting training for 1 epoch(s)
2018-03-19 20:29:41,072:WARNING: From /home/ubuntu/anaconda3/lib/python3.6/site-packages/tensorflow/python/util/tf_should_use.py:107: initialize_all_variables (from tensorflow.python.ops.variables) is deprecated and will be removed after 2017-03-02.
Instructions for updating:
Use `tf.global_variables_initializer` instead.
2018-03-19 20:29:41,374:INFO: Epoch 1/1
2018-03-19 20:32:19,730:INFO: Creating the datasets...
2018-03-19 20:32:19,833:INFO: Creating the model...
2018-03-19 20:32:20,181:INFO: Starting training for 1 epoch(s)
2018-03-19 20:32:20,489:WARNING: From /home/ubuntu/anaconda3/lib/python3.6/site-packages/tensorflow/python/util/tf_should_use.py:107: initialize_all_variables (from tensorflow.python.ops.variables) is deprecated and will be removed after 2017-03-02.
Instructions for updating:
Use `tf.global_variables_initializer` instead.
2018-03-19 20:32:20,776:INFO: Epoch 1/1
2018-03-19 20:41:14,235:INFO: Creating the datasets...
2018-03-19 20:41:14,339:INFO: Creating the model...
2018-03-19 20:41:14,681:INFO: Starting training for 1 epoch(s)
2018-03-19 20:41:14,989:WARNING: From /home/ubuntu/anaconda3/lib/python3.6/site-packages/tensorflow/python/util/tf_should_use.py:107: initialize_all_variables (from tensorflow.python.ops.variables) is deprecated and will be removed after 2017-03-02.
Instructions for updating:
Use `tf.global_variables_initializer` instead.
2018-03-19 20:41:15,276:INFO: Epoch 1/1
2018-03-19 20:44:05,142:INFO: Creating the datasets...
2018-03-19 20:44:05,246:INFO: Creating the model...
2018-03-19 20:44:05,595:INFO: Starting training for 1 epoch(s)
2018-03-19 20:44:05,909:WARNING: From /home/ubuntu/anaconda3/lib/python3.6/site-packages/tensorflow/python/util/tf_should_use.py:107: initialize_all_variables (from tensorflow.python.ops.variables) is deprecated and will be removed after 2017-03-02.
Instructions for updating:
Use `tf.global_variables_initializer` instead.
2018-03-19 20:44:06,199:INFO: Epoch 1/1
2018-03-19 20:44:54,428:INFO: - Train metrics: accuracy: 0.791 ; recall: 0.102 ; loss: 0.820
2018-03-19 20:45:13,142:INFO: - Eval metrics: accuracy: 0.529 ; recall: 0.494 ; loss: 0.881
2018-03-19 20:45:13,284:INFO: - Found new best accuracy, saving in experiments/keras_new/best_weights/after-epoch-1
2018-03-19 20:47:06,468:INFO: Creating the datasets...
2018-03-19 20:47:06,572:INFO: Creating the model...
2018-03-19 20:47:06,921:INFO: Starting training for 1 epoch(s)
2018-03-19 20:47:07,234:WARNING: From /home/ubuntu/anaconda3/lib/python3.6/site-packages/tensorflow/python/util/tf_should_use.py:107: initialize_all_variables (from tensorflow.python.ops.variables) is deprecated and will be removed after 2017-03-02.
Instructions for updating:
Use `tf.global_variables_initializer` instead.
2018-03-19 20:47:07,527:INFO: Epoch 1/1
2018-03-19 20:47:55,830:INFO: - Train metrics: accuracy: 0.163 ; recall: 0.969 ; loss: 0.928
2018-03-19 20:48:14,678:INFO: - Eval metrics: accuracy: 0.135 ; recall: 1.000 ; loss: 1.036
2018-03-19 20:48:14,819:INFO: - Found new best accuracy, saving in experiments/keras_new/best_weights/after-epoch-1
2018-03-19 20:49:00,951:INFO: Creating the datasets...
2018-03-19 20:51:01,052:INFO: Creating the datasets...
2018-03-19 20:51:43,512:INFO: Creating the datasets...
2018-03-19 20:53:06,462:INFO: Creating the datasets...
2018-03-19 20:53:31,343:INFO: Creating the datasets...
2018-03-19 20:53:54,907:INFO: Creating the datasets...
2018-03-19 20:53:55,129:INFO: Creating the model...
2018-03-19 20:53:55,475:INFO: Starting training for 1 epoch(s)
2018-03-19 20:53:55,794:WARNING: From /home/ubuntu/anaconda3/lib/python3.6/site-packages/tensorflow/python/util/tf_should_use.py:107: initialize_all_variables (from tensorflow.python.ops.variables) is deprecated and will be removed after 2017-03-02.
Instructions for updating:
Use `tf.global_variables_initializer` instead.
2018-03-19 20:53:56,114:INFO: Epoch 1/1
2018-03-19 20:54:48,433:INFO: - Train metrics: accuracy: 0.202 ; recall: 0.907 ; loss: 0.917
2018-03-19 20:55:07,172:INFO: - Eval metrics: accuracy: 0.135 ; recall: 1.000 ; loss: 1.036
2018-03-19 20:55:07,330:INFO: - Found new best accuracy, saving in experiments/keras_new/best_weights/after-epoch-1
2018-03-19 20:56:54,052:INFO: Creating the datasets...
2018-03-19 20:56:54,271:INFO: Creating the model...
2018-03-19 20:56:54,617:INFO: Starting training for 1 epoch(s)
2018-03-19 20:56:54,938:WARNING: From /home/ubuntu/anaconda3/lib/python3.6/site-packages/tensorflow/python/util/tf_should_use.py:107: initialize_all_variables (from tensorflow.python.ops.variables) is deprecated and will be removed after 2017-03-02.
Instructions for updating:
Use `tf.global_variables_initializer` instead.
2018-03-19 20:56:55,246:INFO: Epoch 1/1
2018-03-19 20:57:47,631:INFO: - Train metrics: accuracy: 0.200 ; recall: 0.920 ; loss: 0.676
2018-03-19 20:58:06,349:INFO: - Eval metrics: accuracy: 0.135 ; recall: 1.000 ; loss: 0.844
2018-03-19 20:58:06,509:INFO: - Found new best accuracy, saving in experiments/keras_new/best_weights/after-epoch-1
2018-03-19 20:58:19,943:INFO: Creating the datasets...
2018-03-19 20:58:20,167:INFO: Creating the model...
2018-03-19 20:58:20,525:INFO: Starting training for 1 epoch(s)
2018-03-19 20:58:20,857:WARNING: From /home/ubuntu/anaconda3/lib/python3.6/site-packages/tensorflow/python/util/tf_should_use.py:107: initialize_all_variables (from tensorflow.python.ops.variables) is deprecated and will be removed after 2017-03-02.
Instructions for updating:
Use `tf.global_variables_initializer` instead.
2018-03-19 20:58:21,179:INFO: Epoch 1/1
2018-03-19 20:59:14,064:INFO: - Train metrics: accuracy: 0.259 ; recall: 0.829 ; loss: 0.657
2018-03-19 20:59:32,751:INFO: - Eval metrics: accuracy: 0.135 ; recall: 1.000 ; loss: 0.843
2018-03-19 20:59:32,903:INFO: - Found new best accuracy, saving in experiments/keras_new/best_weights/after-epoch-1
2018-03-19 20:59:55,788:INFO: Creating the datasets...
2018-03-19 20:59:56,004:INFO: Creating the model...
2018-03-19 20:59:56,349:INFO: Starting training for 1 epoch(s)
2018-03-19 20:59:56,665:WARNING: From /home/ubuntu/anaconda3/lib/python3.6/site-packages/tensorflow/python/util/tf_should_use.py:107: initialize_all_variables (from tensorflow.python.ops.variables) is deprecated and will be removed after 2017-03-02.
Instructions for updating:
Use `tf.global_variables_initializer` instead.
2018-03-19 20:59:56,983:INFO: Epoch 1/1
2018-03-19 21:00:49,549:INFO: - Train metrics: accuracy: 0.179 ; recall: 0.935 ; loss: 0.602
2018-03-19 21:01:08,403:INFO: - Eval metrics: accuracy: 0.135 ; recall: 1.000 ; loss: 0.779
2018-03-19 21:01:08,552:INFO: - Found new best accuracy, saving in experiments/keras_new/best_weights/after-epoch-1
2018-03-19 21:02:03,918:INFO: Creating the datasets...
2018-03-19 21:02:04,140:INFO: Creating the model...
2018-03-19 21:02:04,489:INFO: Starting training for 1 epoch(s)
2018-03-19 21:02:04,812:WARNING: From /home/ubuntu/anaconda3/lib/python3.6/site-packages/tensorflow/python/util/tf_should_use.py:107: initialize_all_variables (from tensorflow.python.ops.variables) is deprecated and will be removed after 2017-03-02.
Instructions for updating:
Use `tf.global_variables_initializer` instead.
2018-03-19 21:02:05,125:INFO: Epoch 1/1
2018-03-19 21:02:57,864:INFO: - Train metrics: accuracy: 0.804 ; recall: 0.071 ; loss: -1.292
2018-03-19 21:03:16,563:INFO: - Eval metrics: accuracy: 0.476 ; recall: 0.488 ; loss: 0.506
2018-03-19 21:03:16,717:INFO: - Found new best accuracy, saving in experiments/keras_new/best_weights/after-epoch-1
2018-03-19 21:09:48,632:INFO: Creating the datasets...
2018-03-19 21:12:15,032:INFO: Creating the datasets...
2018-03-19 21:14:41,052:INFO: Creating the datasets...
2018-03-19 21:14:44,742:INFO: Creating the datasets...
2018-03-19 21:14:48,467:INFO: Creating the datasets...
2018-03-19 21:14:55,115:INFO: Creating the datasets...
2018-03-19 21:15:07,896:INFO: Creating the datasets...
2018-03-19 21:15:27,178:INFO: Creating the datasets...
2018-03-19 21:15:27,533:INFO: Creating the model...
2018-03-19 21:15:27,904:INFO: Starting training for 1 epoch(s)
2018-03-19 21:15:28,231:WARNING: From /home/ubuntu/anaconda3/lib/python3.6/site-packages/tensorflow/python/util/tf_should_use.py:107: initialize_all_variables (from tensorflow.python.ops.variables) is deprecated and will be removed after 2017-03-02.
Instructions for updating:
Use `tf.global_variables_initializer` instead.
2018-03-19 21:15:28,267:INFO: Creating the datasets...
2018-03-19 21:15:28,554:INFO: Creating the model...
2018-03-19 21:15:28,555:INFO: Epoch 1/1
2018-03-19 21:15:28,880:INFO: Starting training for 1 epoch(s)
2018-03-19 21:15:29,206:WARNING: From /home/ubuntu/anaconda3/lib/python3.6/site-packages/tensorflow/python/util/tf_should_use.py:107: initialize_all_variables (from tensorflow.python.ops.variables) is deprecated and will be removed after 2017-03-02.
Instructions for updating:
Use `tf.global_variables_initializer` instead.
2018-03-19 21:15:29,521:INFO: Epoch 1/1
2018-03-19 21:16:13,325:INFO: Creating the datasets...
2018-03-19 21:16:13,594:INFO: Creating the model...
2018-03-19 21:16:13,906:INFO: Starting training for 1 epoch(s)
2018-03-19 21:16:14,232:WARNING: From /home/ubuntu/anaconda3/lib/python3.6/site-packages/tensorflow/python/util/tf_should_use.py:107: initialize_all_variables (from tensorflow.python.ops.variables) is deprecated and will be removed after 2017-03-02.
Instructions for updating:
Use `tf.global_variables_initializer` instead.
2018-03-19 21:16:14,551:INFO: Epoch 1/1
2018-03-19 21:16:17,535:INFO: Creating the datasets...
2018-03-19 21:16:17,811:INFO: Creating the model...
2018-03-19 21:16:18,132:INFO: Starting training for 1 epoch(s)
2018-03-19 21:16:18,460:WARNING: From /home/ubuntu/anaconda3/lib/python3.6/site-packages/tensorflow/python/util/tf_should_use.py:107: initialize_all_variables (from tensorflow.python.ops.variables) is deprecated and will be removed after 2017-03-02.
Instructions for updating:
Use `tf.global_variables_initializer` instead.
2018-03-19 21:16:18,781:INFO: Epoch 1/1
2018-03-19 21:16:52,382:INFO: Creating the datasets...
2018-03-19 21:16:52,664:INFO: Creating the model...
2018-03-19 21:16:52,980:INFO: Starting training for 1 epoch(s)
2018-03-19 21:16:53,303:WARNING: From /home/ubuntu/anaconda3/lib/python3.6/site-packages/tensorflow/python/util/tf_should_use.py:107: initialize_all_variables (from tensorflow.python.ops.variables) is deprecated and will be removed after 2017-03-02.
Instructions for updating:
Use `tf.global_variables_initializer` instead.
2018-03-19 21:16:53,621:INFO: Epoch 1/1
2018-03-19 21:16:57,539:INFO: Creating the datasets...
2018-03-19 21:16:57,806:INFO: Creating the model...
2018-03-19 21:16:58,117:INFO: Starting training for 1 epoch(s)
2018-03-19 21:16:58,442:WARNING: From /home/ubuntu/anaconda3/lib/python3.6/site-packages/tensorflow/python/util/tf_should_use.py:107: initialize_all_variables (from tensorflow.python.ops.variables) is deprecated and will be removed after 2017-03-02.
Instructions for updating:
Use `tf.global_variables_initializer` instead.
2018-03-19 21:16:58,762:INFO: Epoch 1/1
2018-03-19 21:17:16,696:INFO: Creating the datasets...
2018-03-19 21:17:16,965:INFO: Creating the model...
2018-03-19 21:17:17,271:INFO: Starting training for 1 epoch(s)
2018-03-19 21:17:17,594:WARNING: From /home/ubuntu/anaconda3/lib/python3.6/site-packages/tensorflow/python/util/tf_should_use.py:107: initialize_all_variables (from tensorflow.python.ops.variables) is deprecated and will be removed after 2017-03-02.
Instructions for updating:
Use `tf.global_variables_initializer` instead.
2018-03-19 21:17:17,904:INFO: Epoch 1/1
2018-03-19 21:17:27,156:INFO: Creating the datasets...
2018-03-19 21:17:27,426:INFO: Creating the model...
2018-03-19 21:17:27,737:INFO: Starting training for 1 epoch(s)
2018-03-19 21:17:28,062:WARNING: From /home/ubuntu/anaconda3/lib/python3.6/site-packages/tensorflow/python/util/tf_should_use.py:107: initialize_all_variables (from tensorflow.python.ops.variables) is deprecated and will be removed after 2017-03-02.
Instructions for updating:
Use `tf.global_variables_initializer` instead.
2018-03-19 21:17:28,377:INFO: Epoch 1/1
2018-03-19 21:20:42,828:INFO: Creating the datasets...
2018-03-19 21:20:43,058:INFO: Creating the model...
2018-03-19 21:20:43,419:INFO: Starting training for 1 epoch(s)
2018-03-19 21:20:43,743:WARNING: From /home/ubuntu/anaconda3/lib/python3.6/site-packages/tensorflow/python/util/tf_should_use.py:107: initialize_all_variables (from tensorflow.python.ops.variables) is deprecated and will be removed after 2017-03-02.
Instructions for updating:
Use `tf.global_variables_initializer` instead.
2018-03-19 21:20:44,077:INFO: Epoch 1/1
2018-03-19 21:20:55,955:INFO: Creating the datasets...
2018-03-19 21:20:56,184:INFO: Creating the model...
2018-03-19 21:20:56,545:INFO: Starting training for 1 epoch(s)
2018-03-19 21:20:56,874:WARNING: From /home/ubuntu/anaconda3/lib/python3.6/site-packages/tensorflow/python/util/tf_should_use.py:107: initialize_all_variables (from tensorflow.python.ops.variables) is deprecated and will be removed after 2017-03-02.
Instructions for updating:
Use `tf.global_variables_initializer` instead.
2018-03-19 21:20:57,206:INFO: Epoch 1/1
2018-03-19 21:21:16,630:INFO: Creating the datasets...
2018-03-19 21:21:16,859:INFO: Creating the model...
2018-03-19 21:21:17,203:INFO: Starting training for 1 epoch(s)
2018-03-19 21:21:17,524:WARNING: From /home/ubuntu/anaconda3/lib/python3.6/site-packages/tensorflow/python/util/tf_should_use.py:107: initialize_all_variables (from tensorflow.python.ops.variables) is deprecated and will be removed after 2017-03-02.
Instructions for updating:
Use `tf.global_variables_initializer` instead.
2018-03-19 21:21:17,844:INFO: Epoch 1/1
2018-03-19 21:21:45,186:INFO: Creating the datasets...
2018-03-19 21:21:45,418:INFO: Creating the model...
2018-03-19 21:21:45,771:INFO: Starting training for 1 epoch(s)
2018-03-19 21:21:46,099:WARNING: From /home/ubuntu/anaconda3/lib/python3.6/site-packages/tensorflow/python/util/tf_should_use.py:107: initialize_all_variables (from tensorflow.python.ops.variables) is deprecated and will be removed after 2017-03-02.
Instructions for updating:
Use `tf.global_variables_initializer` instead.
2018-03-19 21:21:46,423:INFO: Epoch 1/1
2018-03-19 21:22:48,806:INFO: Creating the datasets...
2018-03-19 21:22:49,023:INFO: Creating the model...
2018-03-19 21:22:49,382:INFO: Starting training for 1 epoch(s)
2018-03-19 21:22:49,704:WARNING: From /home/ubuntu/anaconda3/lib/python3.6/site-packages/tensorflow/python/util/tf_should_use.py:107: initialize_all_variables (from tensorflow.python.ops.variables) is deprecated and will be removed after 2017-03-02.
Instructions for updating:
Use `tf.global_variables_initializer` instead.
2018-03-19 21:22:50,027:INFO: Epoch 1/1
2018-03-19 21:23:05,918:INFO: Creating the datasets...
2018-03-19 21:23:23,728:INFO: Creating the datasets...
2018-03-19 21:23:23,948:INFO: Creating the model...
2018-03-19 21:23:24,294:INFO: Starting training for 1 epoch(s)
2018-03-19 21:23:24,613:WARNING: From /home/ubuntu/anaconda3/lib/python3.6/site-packages/tensorflow/python/util/tf_should_use.py:107: initialize_all_variables (from tensorflow.python.ops.variables) is deprecated and will be removed after 2017-03-02.
Instructions for updating:
Use `tf.global_variables_initializer` instead.
2018-03-19 21:23:24,919:INFO: Epoch 1/1
2018-03-19 21:23:41,934:INFO: Creating the datasets...
2018-03-19 21:23:42,156:INFO: Creating the model...
2018-03-19 21:23:42,503:INFO: Starting training for 1 epoch(s)
2018-03-19 21:23:42,816:WARNING: From /home/ubuntu/anaconda3/lib/python3.6/site-packages/tensorflow/python/util/tf_should_use.py:107: initialize_all_variables (from tensorflow.python.ops.variables) is deprecated and will be removed after 2017-03-02.
Instructions for updating:
Use `tf.global_variables_initializer` instead.
2018-03-19 21:23:43,125:INFO: Epoch 1/1
2018-03-19 21:24:00,723:INFO: Creating the datasets...
2018-03-19 21:26:39,137:INFO: Creating the datasets...
2018-03-19 21:30:35,480:INFO: Creating the datasets...
2018-03-19 21:30:35,703:INFO: Creating the model...
2018-03-19 21:30:36,065:INFO: Starting training for 1 epoch(s)
2018-03-19 21:30:36,388:WARNING: From /home/ubuntu/anaconda3/lib/python3.6/site-packages/tensorflow/python/util/tf_should_use.py:107: initialize_all_variables (from tensorflow.python.ops.variables) is deprecated and will be removed after 2017-03-02.
Instructions for updating:
Use `tf.global_variables_initializer` instead.
2018-03-19 21:30:36,705:INFO: Epoch 1/1
2018-03-19 21:31:14,733:INFO: Creating the datasets...
2018-03-19 21:31:14,954:INFO: Creating the model...
2018-03-19 21:31:15,319:INFO: Starting training for 1 epoch(s)
2018-03-19 21:31:15,639:WARNING: From /home/ubuntu/anaconda3/lib/python3.6/site-packages/tensorflow/python/util/tf_should_use.py:107: initialize_all_variables (from tensorflow.python.ops.variables) is deprecated and will be removed after 2017-03-02.
Instructions for updating:
Use `tf.global_variables_initializer` instead.
2018-03-19 21:31:15,971:INFO: Epoch 1/1
2018-03-19 21:34:14,365:INFO: Creating the datasets...
2018-03-19 21:34:14,583:INFO: Creating the model...
2018-03-19 21:34:14,933:INFO: Starting training for 1 epoch(s)
2018-03-19 21:34:15,250:WARNING: From /home/ubuntu/anaconda3/lib/python3.6/site-packages/tensorflow/python/util/tf_should_use.py:107: initialize_all_variables (from tensorflow.python.ops.variables) is deprecated and will be removed after 2017-03-02.
Instructions for updating:
Use `tf.global_variables_initializer` instead.
2018-03-19 21:34:15,544:INFO: Epoch 1/1
2018-03-19 21:38:06,261:INFO: Creating the datasets...
2018-03-19 21:38:06,480:INFO: Creating the model...
2018-03-19 21:38:06,825:INFO: Starting training for 1 epoch(s)
2018-03-19 21:38:07,144:WARNING: From /home/ubuntu/anaconda3/lib/python3.6/site-packages/tensorflow/python/util/tf_should_use.py:107: initialize_all_variables (from tensorflow.python.ops.variables) is deprecated and will be removed after 2017-03-02.
Instructions for updating:
Use `tf.global_variables_initializer` instead.
2018-03-19 21:38:07,440:INFO: Epoch 1/1
2018-03-19 21:42:39,283:INFO: Creating the datasets...
2018-03-19 21:44:15,443:INFO: Creating the datasets...
2018-03-19 22:15:46,860:INFO: Creating the datasets...
2018-03-19 22:16:27,094:INFO: Creating the datasets...
2018-03-19 22:16:39,455:INFO: Creating the datasets...
2018-03-19 22:17:57,437:INFO: Creating the datasets...
2018-03-19 22:18:10,403:INFO: Creating the datasets...
2018-03-19 22:18:10,714:INFO: Creating the model...
2018-03-19 22:18:11,031:INFO: Starting training for 1 epoch(s)
2018-03-19 22:18:11,360:WARNING: From /home/ubuntu/anaconda3/lib/python3.6/site-packages/tensorflow/python/util/tf_should_use.py:107: initialize_all_variables (from tensorflow.python.ops.variables) is deprecated and will be removed after 2017-03-02.
Instructions for updating:
Use `tf.global_variables_initializer` instead.
2018-03-19 22:18:11,680:INFO: Epoch 1/1
2018-03-19 22:26:29,031:INFO: Creating the datasets...
2018-03-19 22:26:29,311:INFO: Creating the model...
2018-03-19 22:26:29,627:INFO: Starting training for 1 epoch(s)
2018-03-19 22:26:29,945:WARNING: From /home/ubuntu/anaconda3/lib/python3.6/site-packages/tensorflow/python/util/tf_should_use.py:107: initialize_all_variables (from tensorflow.python.ops.variables) is deprecated and will be removed after 2017-03-02.
Instructions for updating:
Use `tf.global_variables_initializer` instead.
2018-03-19 22:26:30,273:INFO: Epoch 1/1
2018-03-19 22:26:41,796:INFO: Creating the datasets...
2018-03-19 22:26:42,076:INFO: Creating the model...
2018-03-19 22:26:42,386:INFO: Starting training for 1 epoch(s)
2018-03-19 22:26:42,705:WARNING: From /home/ubuntu/anaconda3/lib/python3.6/site-packages/tensorflow/python/util/tf_should_use.py:107: initialize_all_variables (from tensorflow.python.ops.variables) is deprecated and will be removed after 2017-03-02.
Instructions for updating:
Use `tf.global_variables_initializer` instead.
2018-03-19 22:26:43,016:INFO: Epoch 1/1
2018-03-19 22:27:56,867:INFO: Creating the datasets...
2018-03-19 22:28:17,280:INFO: Creating the datasets...
2018-03-19 22:34:06,308:INFO: Creating the datasets...
2018-03-19 22:34:06,599:INFO: Creating the model...
2018-03-19 22:34:06,916:INFO: Starting training for 1 epoch(s)
2018-03-19 22:34:07,237:WARNING: From /home/ubuntu/anaconda3/lib/python3.6/site-packages/tensorflow/python/util/tf_should_use.py:107: initialize_all_variables (from tensorflow.python.ops.variables) is deprecated and will be removed after 2017-03-02.
Instructions for updating:
Use `tf.global_variables_initializer` instead.
2018-03-19 22:34:07,558:INFO: Epoch 1/1
2018-03-19 22:34:50,392:INFO: Creating the datasets...
2018-03-19 22:34:50,672:INFO: Creating the model...
2018-03-19 22:34:50,984:INFO: Starting training for 1 epoch(s)
2018-03-19 22:34:51,304:WARNING: From /home/ubuntu/anaconda3/lib/python3.6/site-packages/tensorflow/python/util/tf_should_use.py:107: initialize_all_variables (from tensorflow.python.ops.variables) is deprecated and will be removed after 2017-03-02.
Instructions for updating:
Use `tf.global_variables_initializer` instead.
2018-03-19 22:34:51,616:INFO: Epoch 1/1
2018-03-19 22:41:52,269:INFO: Creating the datasets...
2018-03-19 22:41:57,660:INFO: Creating the datasets...
2018-03-19 22:42:11,006:INFO: Creating the datasets...
2018-03-19 22:42:40,679:INFO: Creating the datasets...
2018-03-19 22:43:29,310:INFO: Creating the datasets...
2018-03-19 22:45:02,071:INFO: Creating the datasets...
2018-03-19 22:45:02,364:INFO: Creating the model...
2018-03-19 22:45:02,679:INFO: Starting training for 1 epoch(s)
2018-03-19 22:45:03,003:WARNING: From /home/ubuntu/anaconda3/lib/python3.6/site-packages/tensorflow/python/util/tf_should_use.py:107: initialize_all_variables (from tensorflow.python.ops.variables) is deprecated and will be removed after 2017-03-02.
Instructions for updating:
Use `tf.global_variables_initializer` instead.
2018-03-19 22:45:03,323:INFO: Epoch 1/1
2018-03-19 23:10:12,785:INFO: Creating the datasets...
2018-03-19 23:10:13,060:INFO: Creating the model...
2018-03-19 23:10:13,372:INFO: Starting training for 1 epoch(s)
2018-03-19 23:10:13,688:WARNING: From /home/ubuntu/anaconda3/lib/python3.6/site-packages/tensorflow/python/util/tf_should_use.py:107: initialize_all_variables (from tensorflow.python.ops.variables) is deprecated and will be removed after 2017-03-02.
Instructions for updating:
Use `tf.global_variables_initializer` instead.
2018-03-19 23:10:13,991:INFO: Epoch 1/1
2018-03-19 23:12:02,622:INFO: Creating the datasets...
2018-03-19 23:12:02,893:INFO: Creating the model...
2018-03-19 23:12:03,207:INFO: Starting training for 1 epoch(s)
2018-03-19 23:12:03,525:WARNING: From /home/ubuntu/anaconda3/lib/python3.6/site-packages/tensorflow/python/util/tf_should_use.py:107: initialize_all_variables (from tensorflow.python.ops.variables) is deprecated and will be removed after 2017-03-02.
Instructions for updating:
Use `tf.global_variables_initializer` instead.
2018-03-19 23:12:03,833:INFO: Epoch 1/1
2018-03-19 23:13:37,948:INFO: Creating the datasets...
2018-03-19 23:13:38,224:INFO: Creating the model...
2018-03-19 23:13:38,541:INFO: Starting training for 1 epoch(s)
2018-03-19 23:13:38,866:WARNING: From /home/ubuntu/anaconda3/lib/python3.6/site-packages/tensorflow/python/util/tf_should_use.py:107: initialize_all_variables (from tensorflow.python.ops.variables) is deprecated and will be removed after 2017-03-02.
Instructions for updating:
Use `tf.global_variables_initializer` instead.
2018-03-19 23:13:39,166:INFO: Epoch 1/1
2018-03-19 23:13:57,465:INFO: Creating the datasets...
2018-03-19 23:13:57,733:INFO: Creating the model...
2018-03-19 23:13:58,043:INFO: Starting training for 1 epoch(s)
2018-03-19 23:13:58,358:WARNING: From /home/ubuntu/anaconda3/lib/python3.6/site-packages/tensorflow/python/util/tf_should_use.py:107: initialize_all_variables (from tensorflow.python.ops.variables) is deprecated and will be removed after 2017-03-02.
Instructions for updating:
Use `tf.global_variables_initializer` instead.
2018-03-19 23:13:58,661:INFO: Epoch 1/1
2018-03-19 23:16:47,928:INFO: Creating the datasets...
2018-03-19 23:16:48,202:INFO: Creating the model...
2018-03-19 23:16:48,518:INFO: Starting training for 1 epoch(s)
2018-03-19 23:16:48,836:WARNING: From /home/ubuntu/anaconda3/lib/python3.6/site-packages/tensorflow/python/util/tf_should_use.py:107: initialize_all_variables (from tensorflow.python.ops.variables) is deprecated and will be removed after 2017-03-02.
Instructions for updating:
Use `tf.global_variables_initializer` instead.
2018-03-19 23:16:49,147:INFO: Epoch 1/1
2018-03-19 23:23:05,722:INFO: Creating the datasets...
2018-03-19 23:23:06,004:INFO: Creating the model...
2018-03-19 23:23:06,323:INFO: Starting training for 1 epoch(s)
2018-03-19 23:23:06,642:WARNING: From /home/ubuntu/anaconda3/lib/python3.6/site-packages/tensorflow/python/util/tf_should_use.py:107: initialize_all_variables (from tensorflow.python.ops.variables) is deprecated and will be removed after 2017-03-02.
Instructions for updating:
Use `tf.global_variables_initializer` instead.
2018-03-19 23:23:06,960:INFO: Epoch 1/1
2018-03-19 23:37:01,544:INFO: Creating the datasets...
2018-03-19 23:37:01,853:INFO: Creating the model...
2018-03-19 23:37:02,212:INFO: Starting training for 1 epoch(s)
2018-03-19 23:37:02,540:WARNING: From /home/ubuntu/anaconda3/lib/python3.6/site-packages/tensorflow/python/util/tf_should_use.py:107: initialize_all_variables (from tensorflow.python.ops.variables) is deprecated and will be removed after 2017-03-02.
Instructions for updating:
Use `tf.global_variables_initializer` instead.
2018-03-19 23:37:02,872:INFO: Epoch 1/1
2018-03-19 23:37:03,718:INFO: Creating the datasets...
2018-03-19 23:37:04,444:INFO: Creating the model...
2018-03-19 23:37:04,965:INFO: Starting training for 1 epoch(s)
2018-03-19 23:37:05,690:WARNING: From /home/ubuntu/anaconda3/lib/python3.6/site-packages/tensorflow/python/util/tf_should_use.py:107: initialize_all_variables (from tensorflow.python.ops.variables) is deprecated and will be removed after 2017-03-02.
Instructions for updating:
Use `tf.global_variables_initializer` instead.
2018-03-19 23:37:06,586:INFO: Epoch 1/1
2018-03-19 23:38:41,821:INFO: - Train metrics: accuracy: 0.796 ; recall: 0.078 ; loss: 0.203
2018-03-19 23:38:46,401:INFO: - Train metrics: accuracy: 0.800 ; recall: 0.090 ; loss: 0.172
2018-03-19 23:39:17,133:INFO: - Eval metrics: accuracy: 0.438 ; recall: 0.555 ; loss: 0.613
2018-03-19 23:39:17,355:INFO: - Found new best accuracy, saving in experiments/keras_new/best_weights/after-epoch-1
2018-03-19 23:39:20,522:INFO: - Eval metrics: accuracy: 0.555 ; recall: 0.462 ; loss: 0.591
2018-03-19 23:39:20,666:INFO: - Found new best accuracy, saving in experiments/keras_new/best_weights/after-epoch-1
2018-03-19 23:41:16,276:INFO: Creating the datasets...
2018-03-19 23:41:16,567:INFO: Creating the model...
2018-03-19 23:41:16,879:INFO: Starting training for 10 epoch(s)
2018-03-19 23:41:17,206:WARNING: From /home/ubuntu/anaconda3/lib/python3.6/site-packages/tensorflow/python/util/tf_should_use.py:107: initialize_all_variables (from tensorflow.python.ops.variables) is deprecated and will be removed after 2017-03-02.
Instructions for updating:
Use `tf.global_variables_initializer` instead.
2018-03-19 23:41:17,544:INFO: Epoch 1/10
2018-03-19 23:42:47,679:INFO: Creating the datasets...
2018-03-19 23:42:47,971:INFO: Creating the model...
2018-03-19 23:42:48,281:INFO: Starting training for 10 epoch(s)
2018-03-19 23:42:48,605:WARNING: From /home/ubuntu/anaconda3/lib/python3.6/site-packages/tensorflow/python/util/tf_should_use.py:107: initialize_all_variables (from tensorflow.python.ops.variables) is deprecated and will be removed after 2017-03-02.
Instructions for updating:
Use `tf.global_variables_initializer` instead.
2018-03-19 23:42:48,915:INFO: Epoch 1/10
2018-03-19 23:43:41,010:INFO: - Train metrics: accuracy: 0.809 ; recall: 0.080 ; loss: 0.142
2018-03-19 23:43:59,640:INFO: - Eval metrics: accuracy: 0.462 ; recall: 0.570 ; loss: 0.607
2018-03-19 23:43:59,795:INFO: - Found new best accuracy, saving in experiments/keras_new/best_weights/after-epoch-1
2018-03-19 23:43:59,865:INFO: Epoch 2/10
2018-03-19 23:44:52,338:INFO: - Train metrics: accuracy: 0.867 ; recall: 0.000 ; loss: 0.001
2018-03-19 23:45:10,865:INFO: - Eval metrics: accuracy: 0.462 ; recall: 0.570 ; loss: 0.607
2018-03-19 23:45:10,956:INFO: - Found new best accuracy, saving in experiments/keras_new/best_weights/after-epoch-2
2018-03-19 23:45:10,957:INFO: Epoch 3/10
2018-03-19 23:46:03,215:INFO: - Train metrics: accuracy: 0.867 ; recall: 0.000 ; loss: 0.001
2018-03-19 23:46:21,743:INFO: - Eval metrics: accuracy: 0.462 ; recall: 0.570 ; loss: 0.607
2018-03-19 23:46:21,834:INFO: - Found new best accuracy, saving in experiments/keras_new/best_weights/after-epoch-3
2018-03-19 23:46:21,834:INFO: Epoch 4/10
2018-03-19 23:47:14,243:INFO: - Train metrics: accuracy: 0.867 ; recall: 0.000 ; loss: 0.001
2018-03-19 23:47:32,733:INFO: - Eval metrics: accuracy: 0.462 ; recall: 0.570 ; loss: 0.607
2018-03-19 23:47:32,867:INFO: - Found new best accuracy, saving in experiments/keras_new/best_weights/after-epoch-4
2018-03-19 23:47:32,868:INFO: Epoch 5/10
2018-03-19 23:48:24,848:INFO: - Train metrics: accuracy: 0.867 ; recall: 0.000 ; loss: 0.001
2018-03-19 23:48:43,350:INFO: - Eval metrics: accuracy: 0.462 ; recall: 0.570 ; loss: 0.607
2018-03-19 23:48:43,439:INFO: - Found new best accuracy, saving in experiments/keras_new/best_weights/after-epoch-5
2018-03-19 23:48:43,439:INFO: Epoch 6/10
2018-03-19 23:49:36,513:INFO: - Train metrics: accuracy: 0.867 ; recall: 0.000 ; loss: 0.001
2018-03-19 23:49:55,716:INFO: - Eval metrics: accuracy: 0.462 ; recall: 0.570 ; loss: 0.607
2018-03-19 23:49:55,807:INFO: - Found new best accuracy, saving in experiments/keras_new/best_weights/after-epoch-6
2018-03-19 23:49:55,807:INFO: Epoch 7/10
2018-03-19 23:51:22,083:INFO: - Train metrics: accuracy: 0.867 ; recall: 0.000 ; loss: 0.001
2018-03-19 23:51:40,585:INFO: - Eval metrics: accuracy: 0.462 ; recall: 0.570 ; loss: 0.607
2018-03-19 23:51:40,681:INFO: - Found new best accuracy, saving in experiments/keras_new/best_weights/after-epoch-7
2018-03-19 23:51:40,682:INFO: Epoch 8/10
2018-03-19 23:52:33,634:INFO: - Train metrics: accuracy: 0.867 ; recall: 0.000 ; loss: 0.001
2018-03-19 23:52:52,108:INFO: - Eval metrics: accuracy: 0.462 ; recall: 0.570 ; loss: 0.607
2018-03-19 23:52:52,200:INFO: - Found new best accuracy, saving in experiments/keras_new/best_weights/after-epoch-8
2018-03-19 23:52:52,200:INFO: Epoch 9/10
2018-03-19 23:53:44,590:INFO: - Train metrics: accuracy: 0.867 ; recall: 0.000 ; loss: 0.001
2018-03-19 23:54:03,101:INFO: - Eval metrics: accuracy: 0.462 ; recall: 0.570 ; loss: 0.607
2018-03-19 23:54:03,194:INFO: - Found new best accuracy, saving in experiments/keras_new/best_weights/after-epoch-9
2018-03-19 23:54:03,194:INFO: Epoch 10/10
2018-03-19 23:55:11,431:INFO: - Train metrics: accuracy: 0.867 ; recall: 0.000 ; loss: 0.001
2018-03-19 23:55:43,350:INFO: - Eval metrics: accuracy: 0.462 ; recall: 0.570 ; loss: 0.607
2018-03-19 23:55:43,664:INFO: - Found new best accuracy, saving in experiments/keras_new/best_weights/after-epoch-10
