2018-02-24 20:35:40,107:INFO: Creating the datasets...
2018-02-24 20:35:59,610:INFO: Creating the datasets...
2018-02-24 20:53:42,930:INFO: Creating the datasets...
2018-02-24 20:53:42,931:INFO: Creating the model...
2018-02-25 00:26:28,537:INFO: Creating the datasets...
2018-02-25 00:28:03,136:INFO: Creating the datasets...
2018-02-25 00:28:15,643:INFO: Creating the datasets...
2018-02-25 00:29:07,405:INFO: Creating the datasets...
2018-02-25 00:30:21,206:INFO: Creating the datasets...
2018-02-25 00:30:53,753:INFO: Creating the datasets...
2018-02-25 00:31:18,825:INFO: Creating the datasets...
2018-02-25 00:31:53,307:INFO: Creating the datasets...
2018-02-25 00:32:49,276:INFO: Creating the datasets...
2018-02-25 00:33:18,539:INFO: Creating the datasets...
2018-02-25 00:35:28,657:INFO: Creating the datasets...
2018-02-25 00:37:34,302:INFO: Creating the datasets...
2018-02-25 00:38:10,164:INFO: Creating the datasets...
2018-02-25 00:39:32,747:INFO: Creating the datasets...
2018-02-25 00:39:50,722:INFO: Creating the datasets...
2018-02-25 00:39:57,179:INFO: Creating the datasets...
2018-02-25 00:40:43,358:INFO: Creating the datasets...
2018-02-25 00:41:00,726:INFO: Creating the datasets...
2018-02-25 00:42:25,053:INFO: Creating the datasets...
2018-02-25 00:44:06,304:INFO: Creating the datasets...
2018-02-25 00:46:08,968:INFO: Creating the datasets...
2018-02-25 00:47:09,013:INFO: Creating the datasets...
2018-02-25 00:50:12,963:INFO: Creating the datasets...
2018-02-25 00:51:11,322:INFO: Creating the datasets...
2018-02-25 00:54:22,744:INFO: Creating the datasets...
2018-02-25 00:57:43,074:INFO: Creating the datasets...
2018-02-25 00:58:02,571:INFO: Creating the datasets...
2018-02-25 00:58:35,248:INFO: Creating the datasets...
2018-02-25 00:59:24,702:INFO: Creating the datasets...
2018-02-25 01:00:08,636:INFO: Creating the datasets...
2018-02-25 01:00:32,065:INFO: Creating the datasets...
2018-02-25 01:01:47,419:INFO: Creating the datasets...
2018-02-25 01:02:07,956:INFO: Creating the datasets...
2018-02-25 01:03:15,820:INFO: Creating the datasets...
2018-02-25 01:03:54,747:INFO: Creating the datasets...
2018-02-25 01:04:11,013:INFO: Creating the datasets...
2018-02-25 01:05:39,265:INFO: Creating the datasets...
2018-02-25 01:05:53,023:INFO: Creating the datasets...
2018-02-25 01:24:19,483:INFO: Creating the datasets...
2018-02-25 01:24:19,484:INFO: Creating the model...
2018-02-25 01:26:53,337:INFO: Creating the datasets...
2018-02-25 01:27:37,801:INFO: Creating the datasets...
2018-02-25 01:27:56,562:INFO: Creating the datasets...
2018-02-25 01:28:34,492:INFO: Creating the datasets...
2018-02-25 01:29:05,037:INFO: Creating the datasets...
2018-02-25 01:30:06,191:INFO: Creating the datasets...
2018-02-25 01:30:22,344:INFO: Creating the datasets...
2018-02-25 01:30:50,459:INFO: Creating the datasets...
2018-02-25 01:30:50,670:INFO: Creating the model...
2018-02-25 01:33:08,372:INFO: Creating the datasets...
2018-02-25 01:33:08,582:INFO: Creating the model...
2018-02-25 01:33:42,287:INFO: Creating the datasets...
2018-02-25 01:33:42,500:INFO: Creating the model...
2018-02-25 03:19:05,750:INFO: Creating the datasets...
2018-02-25 03:19:05,960:INFO: Creating the model...
2018-02-25 03:41:15,461:INFO: Creating the datasets...
2018-02-25 03:41:15,675:INFO: Creating the model...
2018-02-25 03:42:59,469:INFO: Creating the datasets...
2018-02-25 03:42:59,684:INFO: Creating the model...
2018-02-25 03:43:33,641:INFO: Creating the datasets...
2018-02-25 03:43:33,849:INFO: Creating the model...
2018-02-25 03:44:07,634:INFO: Creating the datasets...
2018-02-25 03:44:07,846:INFO: Creating the model...
2018-02-25 03:44:18,019:INFO: Creating the datasets...
2018-02-25 03:44:18,232:INFO: Creating the model...
2018-02-25 03:45:16,539:INFO: Creating the datasets...
2018-02-25 03:45:16,757:INFO: Creating the model...
2018-02-25 03:45:28,831:INFO: Creating the datasets...
2018-02-25 03:45:29,040:INFO: Creating the model...
2018-02-25 03:46:16,627:INFO: Creating the datasets...
2018-02-25 03:46:16,841:INFO: Creating the model...
2018-02-25 03:46:30,340:INFO: Creating the datasets...
2018-02-25 03:46:30,552:INFO: Creating the model...
2018-02-25 03:46:47,768:INFO: Creating the datasets...
2018-02-25 03:46:47,978:INFO: Creating the model...
2018-02-25 03:48:30,010:INFO: Creating the datasets...
2018-02-25 03:48:30,220:INFO: Creating the model...
2018-02-25 03:50:16,551:INFO: Creating the datasets...
2018-02-25 03:50:16,761:INFO: Creating the model...
2018-02-25 03:51:26,972:INFO: Creating the datasets...
2018-02-25 03:51:27,183:INFO: Creating the model...
2018-02-25 03:53:46,042:INFO: Creating the datasets...
2018-02-25 03:53:46,261:INFO: Creating the model...
2018-02-25 03:55:18,272:INFO: Creating the datasets...
2018-02-25 03:55:18,483:INFO: Creating the model...
2018-02-25 03:55:50,483:INFO: Creating the datasets...
2018-02-25 03:55:50,692:INFO: Creating the model...
2018-02-25 03:56:43,538:INFO: Creating the datasets...
2018-02-25 03:56:43,751:INFO: Creating the model...
2018-02-25 03:56:45,686:INFO: Starting training for 10 epoch(s)
2018-02-25 03:56:47,490:INFO: Epoch 1/10
2018-02-25 03:57:27,787:INFO: Creating the datasets...
2018-02-25 03:57:27,995:INFO: Creating the model...
2018-02-25 03:57:29,928:INFO: Starting training for 10 epoch(s)
2018-02-25 03:57:31,752:INFO: Epoch 1/10
2018-02-25 04:01:09,611:INFO: Creating the datasets...
2018-02-25 04:01:09,821:INFO: Creating the model...
2018-02-25 04:01:10,414:INFO: Starting training for 10 epoch(s)
2018-02-25 04:01:11,468:INFO: Epoch 1/10
2018-02-25 04:12:03,497:INFO: Creating the datasets...
2018-02-25 04:12:03,710:INFO: Creating the model...
2018-02-25 04:12:04,295:INFO: Starting training for 10 epoch(s)
2018-02-25 04:12:05,349:INFO: Epoch 1/10
2018-02-25 04:12:39,254:INFO: Creating the datasets...
2018-02-25 04:12:39,465:INFO: Creating the model...
2018-02-25 04:12:40,043:INFO: Starting training for 1 epoch(s)
2018-02-25 04:12:41,084:INFO: Epoch 1/1
2018-02-25 04:39:41,241:INFO: - Train metrics: accuracy: 0.983 ; loss: 0.082
2018-02-25 04:41:27,646:INFO: - Eval metrics: accuracy: 1.000 ; loss: 0.006
2018-02-25 04:41:27,861:INFO: - Found new best accuracy, saving in experiments/base_model/best_weights/after-epoch-1
