2018-03-20 04:35:53,203:INFO: Creating the dataset...
2018-03-20 04:36:54,307:INFO: Creating the dataset...
2018-03-20 04:53:19,234:INFO: Creating the dataset...
2018-03-21 01:17:49,666:INFO: Creating the dataset...
2018-03-21 01:19:00,315:INFO: Creating the dataset...
2018-03-21 01:19:15,705:INFO: Creating the dataset...
2018-03-21 01:20:57,526:INFO: Creating the dataset...
2018-03-21 01:22:05,473:INFO: Creating the dataset...
2018-03-21 01:22:35,070:INFO: Creating the dataset...
2018-03-21 01:23:24,035:INFO: Creating the dataset...
2018-03-21 01:23:43,539:INFO: Creating the dataset...
2018-03-21 01:23:43,617:INFO: Creating the model...
2018-03-21 01:24:26,695:INFO: Creating the dataset...
2018-03-21 01:24:26,773:INFO: Creating the model...
2018-03-21 01:24:26,885:INFO: Starting evaluation
2018-03-21 01:24:26,948:INFO: Restoring parameters from experiments/jrun/best_weights/after-epoch-10
2018-03-21 01:24:45,646:INFO: - Eval metrics: accuracy: 0.851 ; recall: 0.003 ; loss: 2.086
2018-03-21 01:30:53,512:INFO: Creating the dataset...
2018-03-21 01:30:53,589:INFO: Creating the model...
2018-03-21 01:30:53,700:INFO: Starting evaluation
2018-03-21 01:30:53,760:INFO: Restoring parameters from experiments/jrun/best_weights/after-epoch-10
2018-03-21 01:31:12,449:INFO: - Eval metrics: accuracy: 0.851 ; recall: 0.003 ; loss: 2.086
2018-03-21 01:37:27,324:INFO: Creating the dataset...
2018-03-21 01:37:27,403:INFO: Creating the model...
2018-03-21 01:37:27,521:INFO: Starting evaluation
2018-03-21 01:37:27,583:INFO: Restoring parameters from experiments/jrun/best_weights/after-epoch-10
2018-03-21 01:37:46,749:INFO: - Eval metrics: accuracy: 0.851 ; recall: 0.003 ; loss: 2.086
2018-03-21 01:38:15,416:INFO: Creating the dataset...
2018-03-21 01:38:15,494:INFO: Creating the model...
2018-03-21 01:38:15,609:INFO: Starting evaluation
2018-03-21 01:38:15,671:INFO: Restoring parameters from experiments/jrun/best_weights/after-epoch-10
2018-03-21 01:38:34,314:INFO: - Eval metrics: accuracy: 0.851 ; recall: 0.003 ; loss: 2.086
