2018-03-19 23:49:52,786:INFO: Creating the datasets...
2018-03-19 23:49:53,498:INFO: Creating the model...
2018-03-19 23:50:11,169:INFO: Creating the datasets...
2018-03-19 23:50:11,676:INFO: Creating the model...
2018-03-19 23:50:12,318:INFO: Starting training for 1 epoch(s)
2018-03-19 23:50:12,905:WARNING: From /home/ubuntu/anaconda3/lib/python3.6/site-packages/tensorflow/python/util/tf_should_use.py:107: initialize_all_variables (from tensorflow.python.ops.variables) is deprecated and will be removed after 2017-03-02.
Instructions for updating:
Use `tf.global_variables_initializer` instead.
2018-03-19 23:50:13,464:INFO: Epoch 1/1
2018-03-19 23:51:03,084:INFO: - Train metrics: accuracy: 0.613 ; recall: 0.376 ; loss: 1.061
2018-03-19 23:51:19,649:INFO: - Eval metrics: accuracy: 0.483 ; recall: 0.562 ; loss: 0.999
2018-03-19 23:51:19,800:INFO: - Found new best accuracy, saving in experiments/jrun/best_weights/after-epoch-1
2018-03-19 23:54:25,869:INFO: Creating the datasets...
2018-03-19 23:54:26,376:INFO: Creating the model...
2018-03-19 23:54:41,365:INFO: Creating the datasets...
2018-03-19 23:54:41,863:INFO: Creating the model...
2018-03-19 23:54:42,489:INFO: Starting training for 10 epoch(s)
2018-03-19 23:54:43,048:WARNING: From /home/ubuntu/anaconda3/lib/python3.6/site-packages/tensorflow/python/util/tf_should_use.py:107: initialize_all_variables (from tensorflow.python.ops.variables) is deprecated and will be removed after 2017-03-02.
Instructions for updating:
Use `tf.global_variables_initializer` instead.
2018-03-19 23:54:43,833:INFO: Epoch 1/10
2018-03-19 23:55:35,285:INFO: - Train metrics: accuracy: 0.601 ; recall: 0.359 ; loss: 1.044
2018-03-19 23:55:48,781:INFO: - Eval metrics: accuracy: 0.532 ; recall: 0.466 ; loss: 0.996
2018-03-19 23:55:48,927:INFO: - Found new best accuracy, saving in experiments/jrun/best_weights/after-epoch-1
2018-03-19 23:55:48,927:INFO: Epoch 2/10
2018-03-19 23:56:15,523:INFO: - Train metrics: accuracy: 0.772 ; recall: 0.202 ; loss: 0.988
2018-03-19 23:56:24,815:INFO: - Eval metrics: accuracy: 0.532 ; recall: 0.466 ; loss: 0.996
2018-03-19 23:56:24,907:INFO: - Found new best accuracy, saving in experiments/jrun/best_weights/after-epoch-2
2018-03-19 23:56:24,907:INFO: Epoch 3/10
2018-03-19 23:56:51,100:INFO: - Train metrics: accuracy: 0.705 ; recall: 0.409 ; loss: 0.948
2018-03-19 23:57:00,358:INFO: - Eval metrics: accuracy: 0.532 ; recall: 0.466 ; loss: 0.996
2018-03-19 23:57:00,450:INFO: - Found new best accuracy, saving in experiments/jrun/best_weights/after-epoch-3
2018-03-19 23:57:00,451:INFO: Epoch 4/10
2018-03-19 23:57:26,372:INFO: - Train metrics: accuracy: 0.688 ; recall: 0.542 ; loss: 0.914
2018-03-19 23:57:35,627:INFO: - Eval metrics: accuracy: 0.532 ; recall: 0.466 ; loss: 0.996
2018-03-19 23:57:35,760:INFO: - Found new best accuracy, saving in experiments/jrun/best_weights/after-epoch-4
2018-03-19 23:57:35,761:INFO: Epoch 5/10
2018-03-19 23:58:01,748:INFO: - Train metrics: accuracy: 0.754 ; recall: 0.507 ; loss: 0.881
2018-03-19 23:58:11,025:INFO: - Eval metrics: accuracy: 0.532 ; recall: 0.466 ; loss: 0.996
2018-03-19 23:58:11,117:INFO: - Found new best accuracy, saving in experiments/jrun/best_weights/after-epoch-5
2018-03-19 23:58:11,117:INFO: Epoch 6/10
2018-03-19 23:58:37,114:INFO: - Train metrics: accuracy: 0.726 ; recall: 0.598 ; loss: 0.863
2018-03-19 23:58:46,377:INFO: - Eval metrics: accuracy: 0.532 ; recall: 0.466 ; loss: 0.996
2018-03-19 23:58:46,471:INFO: - Found new best accuracy, saving in experiments/jrun/best_weights/after-epoch-6
2018-03-19 23:58:46,472:INFO: Epoch 7/10
2018-03-19 23:59:12,943:INFO: - Train metrics: accuracy: 0.756 ; recall: 0.631 ; loss: 0.825
2018-03-19 23:59:22,221:INFO: - Eval metrics: accuracy: 0.532 ; recall: 0.466 ; loss: 0.996
2018-03-19 23:59:22,314:INFO: - Found new best accuracy, saving in experiments/jrun/best_weights/after-epoch-7
2018-03-19 23:59:22,314:INFO: Epoch 8/10
2018-03-19 23:59:48,217:INFO: - Train metrics: accuracy: 0.811 ; recall: 0.639 ; loss: 0.775
2018-03-19 23:59:57,474:INFO: - Eval metrics: accuracy: 0.532 ; recall: 0.466 ; loss: 0.996
2018-03-19 23:59:57,569:INFO: - Found new best accuracy, saving in experiments/jrun/best_weights/after-epoch-8
2018-03-19 23:59:57,570:INFO: Epoch 9/10
2018-03-20 00:00:23,660:INFO: - Train metrics: accuracy: 0.772 ; recall: 0.744 ; loss: 0.759
2018-03-20 00:00:32,915:INFO: - Eval metrics: accuracy: 0.532 ; recall: 0.466 ; loss: 0.996
2018-03-20 00:00:33,005:INFO: - Found new best accuracy, saving in experiments/jrun/best_weights/after-epoch-9
2018-03-20 00:00:33,006:INFO: Epoch 10/10
2018-03-20 00:00:58,995:INFO: - Train metrics: accuracy: 0.823 ; recall: 0.778 ; loss: 0.685
2018-03-20 00:01:08,260:INFO: - Eval metrics: accuracy: 0.532 ; recall: 0.466 ; loss: 0.996
2018-03-20 00:01:08,352:INFO: - Found new best accuracy, saving in experiments/jrun/best_weights/after-epoch-10
2018-03-20 00:07:35,443:INFO: Creating the datasets...
2018-03-20 00:07:35,737:INFO: Creating the model...
2018-03-20 00:07:36,052:INFO: Starting training for 1 epoch(s)
2018-03-20 00:07:36,375:WARNING: From /home/ubuntu/anaconda3/lib/python3.6/site-packages/tensorflow/python/util/tf_should_use.py:107: initialize_all_variables (from tensorflow.python.ops.variables) is deprecated and will be removed after 2017-03-02.
Instructions for updating:
Use `tf.global_variables_initializer` instead.
2018-03-20 00:07:36,675:INFO: Epoch 1/1
2018-03-20 00:08:02,848:INFO: - Train metrics: accuracy: 0.534 ; recall: 0.473 ; loss: 1.142
2018-03-20 00:08:12,729:INFO: - Eval metrics: accuracy: 0.484 ; recall: 0.539 ; loss: 1.084
2018-03-20 00:08:12,838:INFO: - Found new best accuracy, saving in experiments/jrun/best_weights/after-epoch-1
2018-03-20 00:09:20,855:INFO: Creating the datasets...
2018-03-20 00:09:21,131:INFO: Creating the model...
2018-03-20 00:09:21,449:INFO: Starting training for 10 epoch(s)
2018-03-20 00:09:21,768:WARNING: From /home/ubuntu/anaconda3/lib/python3.6/site-packages/tensorflow/python/util/tf_should_use.py:107: initialize_all_variables (from tensorflow.python.ops.variables) is deprecated and will be removed after 2017-03-02.
Instructions for updating:
Use `tf.global_variables_initializer` instead.
2018-03-20 00:09:22,090:INFO: Epoch 1/10
2018-03-20 00:09:48,257:INFO: - Train metrics: accuracy: 0.533 ; recall: 0.461 ; loss: 1.168
2018-03-20 00:09:57,670:INFO: - Eval metrics: accuracy: 0.511 ; recall: 0.472 ; loss: 1.083
2018-03-20 00:09:57,817:INFO: - Found new best accuracy, saving in experiments/jrun/best_weights/after-epoch-1
2018-03-20 00:09:57,817:INFO: Epoch 2/10
2018-03-20 00:10:23,686:INFO: - Train metrics: accuracy: 0.655 ; recall: 0.497 ; loss: 1.097
2018-03-20 00:10:32,928:INFO: - Eval metrics: accuracy: 0.511 ; recall: 0.472 ; loss: 1.083
2018-03-20 00:10:33,023:INFO: - Found new best accuracy, saving in experiments/jrun/best_weights/after-epoch-2
2018-03-20 00:10:33,024:INFO: Epoch 3/10
2018-03-20 00:10:36,081:INFO: Creating the datasets...
2018-03-20 00:10:36,663:INFO: Creating the model...
2018-03-20 00:10:37,372:INFO: Starting training for 10 epoch(s)
2018-03-20 00:10:37,933:WARNING: From /home/ubuntu/anaconda3/lib/python3.6/site-packages/tensorflow/python/util/tf_should_use.py:107: initialize_all_variables (from tensorflow.python.ops.variables) is deprecated and will be removed after 2017-03-02.
Instructions for updating:
Use `tf.global_variables_initializer` instead.
2018-03-20 00:10:38,636:INFO: Epoch 1/10
2018-03-20 00:11:08,759:INFO: - Train metrics: accuracy: 0.577 ; recall: 0.599 ; loss: 1.065
2018-03-20 00:11:18,534:INFO: - Eval metrics: accuracy: 0.511 ; recall: 0.472 ; loss: 1.083
2018-03-20 00:11:18,632:INFO: - Found new best accuracy, saving in experiments/jrun/best_weights/after-epoch-3
2018-03-20 00:11:18,632:INFO: Epoch 4/10
2018-03-20 00:11:26,199:INFO: Creating the datasets...
2018-03-20 00:11:26,629:INFO: Creating the model...
2018-03-20 00:11:27,097:INFO: Starting training for 10 epoch(s)
2018-03-20 00:11:27,656:WARNING: From /home/ubuntu/anaconda3/lib/python3.6/site-packages/tensorflow/python/util/tf_should_use.py:107: initialize_all_variables (from tensorflow.python.ops.variables) is deprecated and will be removed after 2017-03-02.
Instructions for updating:
Use `tf.global_variables_initializer` instead.
2018-03-20 00:11:28,148:INFO: Epoch 1/10
2018-03-20 00:12:03,307:INFO: - Train metrics: accuracy: 0.608 ; recall: 0.636 ; loss: 1.023
2018-03-20 00:12:18,905:INFO: - Train metrics: accuracy: 0.526 ; recall: 0.532 ; loss: 1.211
2018-03-20 00:12:19,265:INFO: - Eval metrics: accuracy: 0.511 ; recall: 0.472 ; loss: 1.083
2018-03-20 00:12:19,475:INFO: - Found new best accuracy, saving in experiments/jrun/best_weights/after-epoch-4
2018-03-20 00:12:19,476:INFO: Epoch 5/10
2018-03-20 00:12:36,852:INFO: - Eval metrics: accuracy: 0.407 ; recall: 0.638 ; loss: 1.088
2018-03-20 00:12:37,028:INFO: - Found new best accuracy, saving in experiments/jrun/best_weights/after-epoch-1
2018-03-20 00:12:37,029:INFO: Epoch 2/10
2018-03-20 00:13:11,139:INFO: - Train metrics: accuracy: 0.663 ; recall: 0.674 ; loss: 0.978
2018-03-20 00:13:27,551:INFO: - Eval metrics: accuracy: 0.511 ; recall: 0.472 ; loss: 1.083
2018-03-20 00:13:27,712:INFO: - Found new best accuracy, saving in experiments/jrun/best_weights/after-epoch-5
2018-03-20 00:13:27,713:INFO: Epoch 6/10
2018-03-20 00:13:27,866:INFO: - Train metrics: accuracy: 0.576 ; recall: 0.561 ; loss: 1.075
2018-03-20 00:13:45,418:INFO: - Eval metrics: accuracy: 0.407 ; recall: 0.638 ; loss: 1.088
2018-03-20 00:13:45,573:INFO: - Found new best accuracy, saving in experiments/jrun/best_weights/after-epoch-2
2018-03-20 00:13:45,574:INFO: Epoch 3/10
2018-03-20 00:14:20,114:INFO: - Train metrics: accuracy: 0.623 ; recall: 0.812 ; loss: 0.947
2018-03-20 00:14:36,523:INFO: - Eval metrics: accuracy: 0.511 ; recall: 0.472 ; loss: 1.083
2018-03-20 00:14:36,677:INFO: - Found new best accuracy, saving in experiments/jrun/best_weights/after-epoch-6
2018-03-20 00:14:36,678:INFO: Epoch 7/10
2018-03-20 00:14:36,896:INFO: - Train metrics: accuracy: 0.596 ; recall: 0.608 ; loss: 1.040
2018-03-20 00:14:54,418:INFO: - Eval metrics: accuracy: 0.407 ; recall: 0.638 ; loss: 1.088
2018-03-20 00:14:54,561:INFO: - Found new best accuracy, saving in experiments/jrun/best_weights/after-epoch-3
2018-03-20 00:14:54,562:INFO: Epoch 4/10
2018-03-20 00:15:28,354:INFO: - Train metrics: accuracy: 0.732 ; recall: 0.739 ; loss: 0.883
2018-03-20 00:15:45,042:INFO: - Train metrics: accuracy: 0.611 ; recall: 0.668 ; loss: 1.014
2018-03-20 00:15:45,091:INFO: - Eval metrics: accuracy: 0.511 ; recall: 0.472 ; loss: 1.083
2018-03-20 00:15:45,200:INFO: - Found new best accuracy, saving in experiments/jrun/best_weights/after-epoch-7
2018-03-20 00:15:45,201:INFO: Epoch 8/10
2018-03-20 00:15:55,869:INFO: Creating the datasets...
2018-03-20 00:15:56,330:INFO: Creating the model...
2018-03-20 00:15:56,916:INFO: Starting training for 10 epoch(s)
2018-03-20 00:15:57,478:WARNING: From /home/ubuntu/anaconda3/lib/python3.6/site-packages/tensorflow/python/util/tf_should_use.py:107: initialize_all_variables (from tensorflow.python.ops.variables) is deprecated and will be removed after 2017-03-02.
Instructions for updating:
Use `tf.global_variables_initializer` instead.
2018-03-20 00:15:58,028:INFO: Epoch 1/10
2018-03-20 00:16:32,008:INFO: - Train metrics: accuracy: 0.749 ; recall: 0.781 ; loss: 0.834
2018-03-20 00:16:48,674:INFO: - Eval metrics: accuracy: 0.511 ; recall: 0.472 ; loss: 1.083
2018-03-20 00:16:48,824:INFO: - Found new best accuracy, saving in experiments/jrun/best_weights/after-epoch-8
2018-03-20 00:16:48,825:INFO: Epoch 9/10
2018-03-20 00:16:48,849:INFO: - Train metrics: accuracy: 0.741 ; recall: 0.209 ; loss: 0.519
2018-03-20 00:17:06,507:INFO: - Eval metrics: accuracy: 0.429 ; recall: 0.609 ; loss: 0.705
2018-03-20 00:17:06,663:INFO: - Found new best accuracy, saving in experiments/jrun/best_weights/after-epoch-1
2018-03-20 00:17:06,664:INFO: Epoch 2/10
2018-03-20 00:17:40,824:INFO: - Train metrics: accuracy: 0.807 ; recall: 0.819 ; loss: 0.768
2018-03-20 00:17:57,294:INFO: - Eval metrics: accuracy: 0.511 ; recall: 0.472 ; loss: 1.083
2018-03-20 00:17:57,451:INFO: - Found new best accuracy, saving in experiments/jrun/best_weights/after-epoch-9
2018-03-20 00:17:57,452:INFO: Epoch 10/10
2018-03-20 00:17:58,311:INFO: - Train metrics: accuracy: 0.857 ; recall: 0.000 ; loss: 0.425
2018-03-20 00:18:15,608:INFO: - Eval metrics: accuracy: 0.429 ; recall: 0.609 ; loss: 0.705
2018-03-20 00:18:15,745:INFO: - Found new best accuracy, saving in experiments/jrun/best_weights/after-epoch-2
2018-03-20 00:18:15,746:INFO: Epoch 3/10
2018-03-20 00:18:49,201:INFO: - Train metrics: accuracy: 0.793 ; recall: 0.878 ; loss: 0.701
2018-03-20 00:19:05,439:INFO: - Eval metrics: accuracy: 0.511 ; recall: 0.472 ; loss: 1.083
2018-03-20 00:19:05,652:INFO: - Found new best accuracy, saving in experiments/jrun/best_weights/after-epoch-10
2018-03-20 00:19:06,110:INFO: - Train metrics: accuracy: 0.857 ; recall: 0.000 ; loss: 0.387
2018-03-20 00:19:15,349:INFO: - Eval metrics: accuracy: 0.429 ; recall: 0.609 ; loss: 0.705
2018-03-20 00:19:15,526:INFO: - Found new best accuracy, saving in experiments/jrun/best_weights/after-epoch-3
2018-03-20 00:19:15,527:INFO: Epoch 4/10
2018-03-20 00:19:35,836:INFO: Creating the datasets...
2018-03-20 00:19:36,115:INFO: Creating the model...
2018-03-20 00:19:36,488:INFO: Starting training for 10 epoch(s)
2018-03-20 00:19:36,813:WARNING: From /home/ubuntu/anaconda3/lib/python3.6/site-packages/tensorflow/python/util/tf_should_use.py:107: initialize_all_variables (from tensorflow.python.ops.variables) is deprecated and will be removed after 2017-03-02.
Instructions for updating:
Use `tf.global_variables_initializer` instead.
2018-03-20 00:19:37,151:INFO: Epoch 1/10
2018-03-20 00:20:03,360:INFO: - Train metrics: accuracy: 0.733 ; recall: 0.189 ; loss: 0.528
2018-03-20 00:20:13,285:INFO: - Eval metrics: accuracy: 0.523 ; recall: 0.510 ; loss: 0.692
2018-03-20 00:20:13,400:INFO: - Found new best accuracy, saving in experiments/jrun/best_weights/after-epoch-1
2018-03-20 00:20:13,401:INFO: Epoch 2/10
2018-03-20 00:20:39,501:INFO: - Train metrics: accuracy: 0.857 ; recall: 0.000 ; loss: 0.410
2018-03-20 00:20:48,844:INFO: - Eval metrics: accuracy: 0.523 ; recall: 0.510 ; loss: 0.692
2018-03-20 00:20:48,954:INFO: - Found new best accuracy, saving in experiments/jrun/best_weights/after-epoch-2
2018-03-20 00:20:48,955:INFO: Epoch 3/10
2018-03-20 00:21:14,944:INFO: - Train metrics: accuracy: 0.857 ; recall: 0.000 ; loss: 0.384
2018-03-20 00:21:24,278:INFO: - Eval metrics: accuracy: 0.523 ; recall: 0.510 ; loss: 0.692
2018-03-20 00:21:24,472:INFO: - Found new best accuracy, saving in experiments/jrun/best_weights/after-epoch-3
2018-03-20 00:21:24,473:INFO: Epoch 4/10
2018-03-20 00:21:50,502:INFO: - Train metrics: accuracy: 0.857 ; recall: 0.000 ; loss: 0.378
2018-03-20 00:21:59,773:INFO: - Eval metrics: accuracy: 0.523 ; recall: 0.510 ; loss: 0.692
2018-03-20 00:21:59,873:INFO: - Found new best accuracy, saving in experiments/jrun/best_weights/after-epoch-4
2018-03-20 00:21:59,874:INFO: Epoch 5/10
2018-03-20 00:22:25,739:INFO: - Train metrics: accuracy: 0.857 ; recall: 0.000 ; loss: 0.371
2018-03-20 00:22:35,002:INFO: - Eval metrics: accuracy: 0.523 ; recall: 0.510 ; loss: 0.692
2018-03-20 00:22:35,106:INFO: - Found new best accuracy, saving in experiments/jrun/best_weights/after-epoch-5
2018-03-20 00:22:35,106:INFO: Epoch 6/10
2018-03-20 00:23:01,096:INFO: - Train metrics: accuracy: 0.857 ; recall: 0.000 ; loss: 0.355
2018-03-20 00:23:10,754:INFO: - Eval metrics: accuracy: 0.523 ; recall: 0.510 ; loss: 0.692
2018-03-20 00:23:10,857:INFO: - Found new best accuracy, saving in experiments/jrun/best_weights/after-epoch-6
2018-03-20 00:23:10,858:INFO: Epoch 7/10
2018-03-20 00:23:36,996:INFO: - Train metrics: accuracy: 0.858 ; recall: 0.009 ; loss: 0.341
2018-03-20 00:23:46,292:INFO: - Eval metrics: accuracy: 0.523 ; recall: 0.510 ; loss: 0.692
2018-03-20 00:23:46,390:INFO: - Found new best accuracy, saving in experiments/jrun/best_weights/after-epoch-7
2018-03-20 00:23:46,391:INFO: Epoch 8/10
2018-03-20 00:24:12,353:INFO: - Train metrics: accuracy: 0.859 ; recall: 0.016 ; loss: 0.318
2018-03-20 00:24:21,661:INFO: - Eval metrics: accuracy: 0.523 ; recall: 0.510 ; loss: 0.692
2018-03-20 00:24:21,759:INFO: - Found new best accuracy, saving in experiments/jrun/best_weights/after-epoch-8
2018-03-20 00:24:21,759:INFO: Epoch 9/10
2018-03-20 00:24:47,678:INFO: - Train metrics: accuracy: 0.861 ; recall: 0.038 ; loss: 0.304
2018-03-20 00:24:57,018:INFO: - Eval metrics: accuracy: 0.523 ; recall: 0.510 ; loss: 0.692
2018-03-20 00:24:57,115:INFO: - Found new best accuracy, saving in experiments/jrun/best_weights/after-epoch-9
2018-03-20 00:24:57,116:INFO: Epoch 10/10
2018-03-20 00:25:23,025:INFO: - Train metrics: accuracy: 0.864 ; recall: 0.063 ; loss: 0.281
2018-03-20 00:25:32,332:INFO: - Eval metrics: accuracy: 0.523 ; recall: 0.510 ; loss: 0.692
2018-03-20 00:25:32,472:INFO: - Found new best accuracy, saving in experiments/jrun/best_weights/after-epoch-10
2018-03-20 00:41:35,733:INFO: Creating the datasets...
2018-03-20 00:41:36,022:INFO: Creating the model...
2018-03-20 00:41:36,404:INFO: Starting training for 10 epoch(s)
2018-03-20 00:41:36,736:WARNING: From /home/ubuntu/anaconda3/lib/python3.6/site-packages/tensorflow/python/util/tf_should_use.py:107: initialize_all_variables (from tensorflow.python.ops.variables) is deprecated and will be removed after 2017-03-02.
Instructions for updating:
Use `tf.global_variables_initializer` instead.
2018-03-20 00:41:37,086:INFO: Epoch 1/10
2018-03-20 01:38:37,327:INFO: Creating the datasets...
2018-03-20 01:38:37,613:INFO: Creating the model...
2018-03-20 01:38:37,931:INFO: Starting training for 10 epoch(s)
2018-03-20 01:38:38,258:WARNING: From /home/ubuntu/anaconda3/lib/python3.6/site-packages/tensorflow/python/util/tf_should_use.py:107: initialize_all_variables (from tensorflow.python.ops.variables) is deprecated and will be removed after 2017-03-02.
Instructions for updating:
Use `tf.global_variables_initializer` instead.
2018-03-20 01:38:38,586:INFO: Epoch 1/10
2018-03-20 01:41:10,144:INFO: Creating the datasets...
2018-03-20 01:41:10,440:INFO: Creating the model...
2018-03-20 01:41:10,760:INFO: Starting training for 10 epoch(s)
2018-03-20 01:41:11,081:WARNING: From /home/ubuntu/anaconda3/lib/python3.6/site-packages/tensorflow/python/util/tf_should_use.py:107: initialize_all_variables (from tensorflow.python.ops.variables) is deprecated and will be removed after 2017-03-02.
Instructions for updating:
Use `tf.global_variables_initializer` instead.
2018-03-20 01:41:11,413:INFO: Epoch 1/10
2018-03-20 01:49:05,883:INFO: Creating the datasets...
2018-03-20 01:49:06,177:INFO: Creating the model...
2018-03-20 01:49:06,498:INFO: Starting training for 10 epoch(s)
2018-03-20 01:49:06,824:WARNING: From /home/ubuntu/anaconda3/lib/python3.6/site-packages/tensorflow/python/util/tf_should_use.py:107: initialize_all_variables (from tensorflow.python.ops.variables) is deprecated and will be removed after 2017-03-02.
Instructions for updating:
Use `tf.global_variables_initializer` instead.
2018-03-20 01:49:07,154:INFO: Epoch 1/10
2018-03-20 01:49:33,454:INFO: - Train metrics: accuracy: 0.563 ; recall: 0.465 ; loss: 1.105
2018-03-20 01:49:42,825:INFO: - Eval metrics: accuracy: 0.562 ; recall: 0.393 ; loss: 1.039
2018-03-20 01:49:42,934:INFO: - Found new best accuracy, saving in experiments/jrun/best_weights/after-epoch-1
2018-03-20 01:49:42,934:INFO: Epoch 2/10
2018-03-20 01:50:08,971:INFO: - Train metrics: accuracy: 0.701 ; recall: 0.427 ; loss: 1.026
2018-03-20 01:50:18,745:INFO: - Eval metrics: accuracy: 0.562 ; recall: 0.393 ; loss: 1.039
2018-03-20 01:50:18,842:INFO: - Found new best accuracy, saving in experiments/jrun/best_weights/after-epoch-2
2018-03-20 01:50:18,842:INFO: Epoch 3/10
2018-03-20 01:50:44,903:INFO: - Train metrics: accuracy: 0.706 ; recall: 0.431 ; loss: 0.992
2018-03-20 01:50:54,169:INFO: - Eval metrics: accuracy: 0.562 ; recall: 0.393 ; loss: 1.039
2018-03-20 01:50:54,267:INFO: - Found new best accuracy, saving in experiments/jrun/best_weights/after-epoch-3
2018-03-20 01:50:54,268:INFO: Epoch 4/10
2018-03-20 01:51:20,387:INFO: - Train metrics: accuracy: 0.663 ; recall: 0.559 ; loss: 0.970
2018-03-20 01:51:29,666:INFO: - Eval metrics: accuracy: 0.562 ; recall: 0.393 ; loss: 1.039
2018-03-20 01:51:29,816:INFO: - Found new best accuracy, saving in experiments/jrun/best_weights/after-epoch-4
2018-03-20 01:51:29,817:INFO: Epoch 5/10
2018-03-20 01:51:55,908:INFO: - Train metrics: accuracy: 0.700 ; recall: 0.575 ; loss: 0.942
2018-03-20 01:52:05,189:INFO: - Eval metrics: accuracy: 0.562 ; recall: 0.393 ; loss: 1.039
2018-03-20 01:52:05,284:INFO: - Found new best accuracy, saving in experiments/jrun/best_weights/after-epoch-5
2018-03-20 01:52:05,285:INFO: Epoch 6/10
2018-03-20 01:52:31,235:INFO: - Train metrics: accuracy: 0.683 ; recall: 0.703 ; loss: 0.900
2018-03-20 01:52:40,543:INFO: - Eval metrics: accuracy: 0.562 ; recall: 0.393 ; loss: 1.039
2018-03-20 01:52:40,637:INFO: - Found new best accuracy, saving in experiments/jrun/best_weights/after-epoch-6
2018-03-20 01:52:40,638:INFO: Epoch 7/10
2018-03-20 01:52:53,012:INFO: Creating the datasets...
2018-03-20 01:52:53,303:INFO: Creating the model...
2018-03-20 01:52:53,622:INFO: Starting training for 10 epoch(s)
2018-03-20 01:52:53,950:WARNING: From /home/ubuntu/anaconda3/lib/python3.6/site-packages/tensorflow/python/util/tf_should_use.py:107: initialize_all_variables (from tensorflow.python.ops.variables) is deprecated and will be removed after 2017-03-02.
Instructions for updating:
Use `tf.global_variables_initializer` instead.
2018-03-20 01:52:54,278:INFO: Epoch 1/10
2018-03-20 01:53:20,984:INFO: - Train metrics: accuracy: 0.579 ; recall: 0.463 ; loss: 1.151
2018-03-20 01:53:30,372:INFO: - Eval metrics: accuracy: 0.483 ; recall: 0.530 ; loss: 1.050
2018-03-20 01:53:30,478:INFO: - Found new best accuracy, saving in experiments/jrun/best_weights/after-epoch-1
2018-03-20 01:53:30,479:INFO: Epoch 2/10
2018-03-20 01:53:51,167:INFO: Creating the datasets...
2018-03-20 01:53:51,451:INFO: Creating the model...
2018-03-20 01:53:51,764:INFO: Starting training for 10 epoch(s)
2018-03-20 01:53:52,083:WARNING: From /home/ubuntu/anaconda3/lib/python3.6/site-packages/tensorflow/python/util/tf_should_use.py:107: initialize_all_variables (from tensorflow.python.ops.variables) is deprecated and will be removed after 2017-03-02.
Instructions for updating:
Use `tf.global_variables_initializer` instead.
2018-03-20 01:53:52,409:INFO: Epoch 1/10
2018-03-20 01:54:18,720:INFO: - Train metrics: accuracy: 0.591 ; recall: 0.418 ; loss: 1.127
2018-03-20 01:54:28,156:INFO: - Eval metrics: accuracy: 0.466 ; recall: 0.542 ; loss: 1.038
2018-03-20 01:54:28,307:INFO: - Found new best accuracy, saving in experiments/jrun/best_weights/after-epoch-1
2018-03-20 01:54:28,307:INFO: Epoch 2/10
2018-03-20 01:54:54,493:INFO: - Train metrics: accuracy: 0.753 ; recall: 0.286 ; loss: 1.044
2018-03-20 01:55:03,809:INFO: - Eval metrics: accuracy: 0.466 ; recall: 0.542 ; loss: 1.038
2018-03-20 01:55:03,903:INFO: - Found new best accuracy, saving in experiments/jrun/best_weights/after-epoch-2
2018-03-20 01:55:03,903:INFO: Epoch 3/10
2018-03-20 01:58:11,897:INFO: Creating the datasets...
2018-03-20 01:58:12,193:INFO: Creating the model...
2018-03-20 01:58:12,573:INFO: Starting training for 10 epoch(s)
2018-03-20 01:58:12,902:WARNING: From /home/ubuntu/anaconda3/lib/python3.6/site-packages/tensorflow/python/util/tf_should_use.py:107: initialize_all_variables (from tensorflow.python.ops.variables) is deprecated and will be removed after 2017-03-02.
Instructions for updating:
Use `tf.global_variables_initializer` instead.
2018-03-20 01:58:13,257:INFO: Epoch 1/10
2018-03-20 01:58:39,584:INFO: - Train metrics: accuracy: 0.735 ; recall: 0.189 ; loss: 0.523
2018-03-20 01:58:49,050:INFO: - Eval metrics: accuracy: 0.480 ; recall: 0.497 ; loss: 0.703
2018-03-20 01:58:49,168:INFO: - Found new best accuracy, saving in experiments/jrun/best_weights/after-epoch-1
2018-03-20 01:58:49,169:INFO: Epoch 2/10
2018-03-20 01:59:15,969:INFO: - Train metrics: accuracy: 0.857 ; recall: 0.000 ; loss: 0.426
2018-03-20 01:59:25,359:INFO: - Eval metrics: accuracy: 0.480 ; recall: 0.497 ; loss: 0.703
2018-03-20 01:59:25,501:INFO: - Found new best accuracy, saving in experiments/jrun/best_weights/after-epoch-2
2018-03-20 01:59:25,502:INFO: Epoch 3/10
2018-03-20 01:59:51,653:INFO: - Train metrics: accuracy: 0.857 ; recall: 0.000 ; loss: 0.384
2018-03-20 02:00:01,001:INFO: - Eval metrics: accuracy: 0.480 ; recall: 0.497 ; loss: 0.703
2018-03-20 02:00:01,147:INFO: - Found new best accuracy, saving in experiments/jrun/best_weights/after-epoch-3
2018-03-20 02:00:01,147:INFO: Epoch 4/10
2018-03-20 02:00:27,181:INFO: - Train metrics: accuracy: 0.857 ; recall: 0.000 ; loss: 0.375
2018-03-20 02:00:36,510:INFO: - Eval metrics: accuracy: 0.480 ; recall: 0.497 ; loss: 0.703
2018-03-20 02:00:36,609:INFO: - Found new best accuracy, saving in experiments/jrun/best_weights/after-epoch-4
2018-03-20 02:00:36,610:INFO: Epoch 5/10
2018-03-20 02:01:02,706:INFO: - Train metrics: accuracy: 0.857 ; recall: 0.000 ; loss: 0.354
2018-03-20 02:01:12,051:INFO: - Eval metrics: accuracy: 0.480 ; recall: 0.497 ; loss: 0.703
2018-03-20 02:01:12,151:INFO: - Found new best accuracy, saving in experiments/jrun/best_weights/after-epoch-5
2018-03-20 02:01:12,152:INFO: Epoch 6/10
2018-03-20 02:01:38,271:INFO: - Train metrics: accuracy: 0.857 ; recall: 0.000 ; loss: 0.354
2018-03-20 02:01:47,600:INFO: - Eval metrics: accuracy: 0.480 ; recall: 0.497 ; loss: 0.703
2018-03-20 02:01:47,739:INFO: - Found new best accuracy, saving in experiments/jrun/best_weights/after-epoch-6
2018-03-20 02:01:47,740:INFO: Epoch 7/10
2018-03-20 02:02:14,363:INFO: - Train metrics: accuracy: 0.857 ; recall: 0.006 ; loss: 0.327
2018-03-20 02:02:23,871:INFO: - Eval metrics: accuracy: 0.480 ; recall: 0.497 ; loss: 0.703
2018-03-20 02:02:23,972:INFO: - Found new best accuracy, saving in experiments/jrun/best_weights/after-epoch-7
2018-03-20 02:02:23,972:INFO: Epoch 8/10
2018-03-20 02:02:49,882:INFO: - Train metrics: accuracy: 0.859 ; recall: 0.015 ; loss: 0.314
2018-03-20 02:02:59,190:INFO: - Eval metrics: accuracy: 0.480 ; recall: 0.497 ; loss: 0.703
2018-03-20 02:02:59,290:INFO: - Found new best accuracy, saving in experiments/jrun/best_weights/after-epoch-8
2018-03-20 02:02:59,291:INFO: Epoch 9/10
2018-03-20 02:03:25,316:INFO: - Train metrics: accuracy: 0.863 ; recall: 0.047 ; loss: 0.287
2018-03-20 02:03:34,656:INFO: - Eval metrics: accuracy: 0.480 ; recall: 0.497 ; loss: 0.703
2018-03-20 02:03:34,755:INFO: - Found new best accuracy, saving in experiments/jrun/best_weights/after-epoch-9
2018-03-20 02:03:34,756:INFO: Epoch 10/10
2018-03-20 02:04:00,819:INFO: - Train metrics: accuracy: 0.870 ; recall: 0.094 ; loss: 0.262
2018-03-20 02:04:10,154:INFO: - Eval metrics: accuracy: 0.480 ; recall: 0.497 ; loss: 0.703
2018-03-20 02:04:10,300:INFO: - Found new best accuracy, saving in experiments/jrun/best_weights/after-epoch-10
2018-03-20 02:23:58,106:INFO: Creating the datasets...
2018-03-20 02:23:58,403:INFO: Creating the model...
2018-03-20 02:23:58,780:INFO: Starting training for 10 epoch(s)
2018-03-20 02:23:59,109:WARNING: From /home/ubuntu/anaconda3/lib/python3.6/site-packages/tensorflow/python/util/tf_should_use.py:107: initialize_all_variables (from tensorflow.python.ops.variables) is deprecated and will be removed after 2017-03-02.
Instructions for updating:
Use `tf.global_variables_initializer` instead.
2018-03-20 02:23:59,471:INFO: Epoch 1/10
2018-03-20 02:24:25,651:INFO: - Train metrics: accuracy: 0.736 ; recall: 0.183 ; loss: 0.525
2018-03-20 02:24:35,051:INFO: - Eval metrics: accuracy: 0.530 ; recall: 0.478 ; loss: 0.690
2018-03-20 02:24:35,165:INFO: - Found new best accuracy, saving in experiments/jrun/best_weights/after-epoch-1
2018-03-20 02:24:35,166:INFO: Epoch 2/10
2018-03-20 02:25:01,211:INFO: - Train metrics: accuracy: 0.857 ; recall: 0.000 ; loss: 0.415
2018-03-20 02:25:10,486:INFO: - Eval metrics: accuracy: 0.530 ; recall: 0.478 ; loss: 0.690
2018-03-20 02:25:10,588:INFO: - Found new best accuracy, saving in experiments/jrun/best_weights/after-epoch-2
2018-03-20 02:25:10,588:INFO: Epoch 3/10
2018-03-20 02:25:36,827:INFO: - Train metrics: accuracy: 0.857 ; recall: 0.000 ; loss: 0.383
2018-03-20 02:25:46,106:INFO: - Eval metrics: accuracy: 0.530 ; recall: 0.478 ; loss: 0.690
2018-03-20 02:25:46,259:INFO: - Found new best accuracy, saving in experiments/jrun/best_weights/after-epoch-3
2018-03-20 02:25:46,260:INFO: Epoch 4/10
2018-03-20 02:26:12,858:INFO: - Train metrics: accuracy: 0.856 ; recall: 0.001 ; loss: 0.377
2018-03-20 02:26:22,134:INFO: - Eval metrics: accuracy: 0.530 ; recall: 0.478 ; loss: 0.690
2018-03-20 02:26:22,237:INFO: - Found new best accuracy, saving in experiments/jrun/best_weights/after-epoch-4
2018-03-20 02:26:22,238:INFO: Epoch 5/10
2018-03-20 02:26:48,417:INFO: - Train metrics: accuracy: 0.856 ; recall: 0.005 ; loss: 0.358
2018-03-20 02:26:57,711:INFO: - Eval metrics: accuracy: 0.530 ; recall: 0.478 ; loss: 0.690
2018-03-20 02:26:57,812:INFO: - Found new best accuracy, saving in experiments/jrun/best_weights/after-epoch-5
2018-03-20 02:26:57,812:INFO: Epoch 6/10
2018-03-20 02:27:25,801:INFO: Creating the datasets...
2018-03-20 02:27:26,087:INFO: Creating the model...
2018-03-20 02:27:26,464:INFO: Starting training for 10 epoch(s)
2018-03-20 02:27:26,792:WARNING: From /home/ubuntu/anaconda3/lib/python3.6/site-packages/tensorflow/python/util/tf_should_use.py:107: initialize_all_variables (from tensorflow.python.ops.variables) is deprecated and will be removed after 2017-03-02.
Instructions for updating:
Use `tf.global_variables_initializer` instead.
2018-03-20 02:27:27,146:INFO: Epoch 1/10
2018-03-20 02:27:53,268:INFO: - Train metrics: accuracy: 0.753 ; recall: 0.165 ; loss: 0.502
2018-03-20 02:28:02,709:INFO: - Eval metrics: accuracy: 0.466 ; recall: 0.561 ; loss: 0.703
2018-03-20 02:28:02,825:INFO: - Found new best accuracy, saving in experiments/jrun/best_weights/after-epoch-1
2018-03-20 02:28:02,826:INFO: Epoch 2/10
2018-03-20 02:28:28,791:INFO: - Train metrics: accuracy: 0.857 ; recall: 0.000 ; loss: 0.391
2018-03-20 02:28:38,112:INFO: - Eval metrics: accuracy: 0.466 ; recall: 0.561 ; loss: 0.703
2018-03-20 02:28:38,214:INFO: - Found new best accuracy, saving in experiments/jrun/best_weights/after-epoch-2
2018-03-20 02:28:38,215:INFO: Epoch 3/10
2018-03-20 02:29:04,411:INFO: - Train metrics: accuracy: 0.857 ; recall: 0.000 ; loss: 0.389
2018-03-20 02:29:14,242:INFO: - Eval metrics: accuracy: 0.466 ; recall: 0.561 ; loss: 0.703
2018-03-20 02:29:14,392:INFO: - Found new best accuracy, saving in experiments/jrun/best_weights/after-epoch-3
2018-03-20 02:29:14,393:INFO: Epoch 4/10
2018-03-20 02:29:40,506:INFO: - Train metrics: accuracy: 0.857 ; recall: 0.000 ; loss: 0.368
2018-03-20 02:29:49,816:INFO: - Eval metrics: accuracy: 0.466 ; recall: 0.561 ; loss: 0.703
2018-03-20 02:29:49,918:INFO: - Found new best accuracy, saving in experiments/jrun/best_weights/after-epoch-4
2018-03-20 02:29:49,919:INFO: Epoch 5/10
2018-03-20 02:30:15,951:INFO: - Train metrics: accuracy: 0.857 ; recall: 0.001 ; loss: 0.350
2018-03-20 02:30:25,261:INFO: - Eval metrics: accuracy: 0.466 ; recall: 0.561 ; loss: 0.703
2018-03-20 02:30:25,408:INFO: - Found new best accuracy, saving in experiments/jrun/best_weights/after-epoch-5
2018-03-20 02:30:25,409:INFO: Epoch 6/10
2018-03-20 02:30:38,016:INFO: Creating the datasets...
2018-03-20 02:30:38,311:INFO: Creating the model...
2018-03-20 02:30:38,687:INFO: Starting training for 10 epoch(s)
2018-03-20 02:30:39,017:WARNING: From /home/ubuntu/anaconda3/lib/python3.6/site-packages/tensorflow/python/util/tf_should_use.py:107: initialize_all_variables (from tensorflow.python.ops.variables) is deprecated and will be removed after 2017-03-02.
Instructions for updating:
Use `tf.global_variables_initializer` instead.
2018-03-20 02:30:39,370:INFO: Epoch 1/10
2018-03-20 02:31:05,661:INFO: - Train metrics: accuracy: 0.733 ; recall: 0.174 ; loss: 0.530
2018-03-20 02:31:15,071:INFO: - Eval metrics: accuracy: 0.467 ; recall: 0.592 ; loss: 0.711
2018-03-20 02:31:15,180:INFO: - Found new best accuracy, saving in experiments/jrun/best_weights/after-epoch-1
2018-03-20 02:31:15,181:INFO: Epoch 2/10
2018-03-20 02:31:41,262:INFO: - Train metrics: accuracy: 0.857 ; recall: 0.000 ; loss: 0.436
2018-03-20 02:31:50,567:INFO: - Eval metrics: accuracy: 0.467 ; recall: 0.592 ; loss: 0.711
2018-03-20 02:31:50,665:INFO: - Found new best accuracy, saving in experiments/jrun/best_weights/after-epoch-2
2018-03-20 02:31:50,666:INFO: Epoch 3/10
2018-03-20 02:32:03,489:INFO: Creating the datasets...
2018-03-20 02:32:03,769:INFO: Creating the model...
2018-03-20 02:32:04,145:INFO: Starting training for 10 epoch(s)
2018-03-20 02:32:04,659:INFO: Epoch 1/10
2018-03-20 02:32:31,405:INFO: - Train metrics: accuracy: 0.743 ; recall: 0.174 ; loss: 0.538
2018-03-20 02:32:44,014:INFO: Creating the datasets...
2018-03-20 02:32:44,288:INFO: Creating the model...
2018-03-20 02:32:44,655:INFO: Starting training for 10 epoch(s)
2018-03-20 02:32:44,890:WARNING: From /home/ubuntu/anaconda3/lib/python3.6/site-packages/tensorflow/python/util/tf_should_use.py:107: initialize_all_variables (from tensorflow.python.ops.variables) is deprecated and will be removed after 2017-03-02.
Instructions for updating:
Use `tf.global_variables_initializer` instead.
2018-03-20 02:32:45,270:INFO: Epoch 1/10
2018-03-20 02:33:11,474:INFO: - Train metrics: accuracy: 0.745 ; recall: 0.175 ; loss: 0.532
2018-03-20 02:33:20,905:INFO: - Eval metrics: accuracy: 0.571 ; recall: 0.397 ; loss: 0.686
2018-03-20 02:33:21,017:INFO: - Found new best accuracy, saving in experiments/jrun/best_weights/after-epoch-1
2018-03-20 02:33:21,017:INFO: Epoch 2/10
2018-03-20 02:33:46,981:INFO: - Train metrics: accuracy: 0.857 ; recall: 0.000 ; loss: 0.414
2018-03-20 02:33:56,280:INFO: - Eval metrics: accuracy: 0.571 ; recall: 0.397 ; loss: 0.686
2018-03-20 02:33:56,422:INFO: - Found new best accuracy, saving in experiments/jrun/best_weights/after-epoch-2
2018-03-20 02:33:56,422:INFO: Epoch 3/10
2018-03-20 02:34:22,402:INFO: - Train metrics: accuracy: 0.857 ; recall: 0.000 ; loss: 0.392
2018-03-20 02:34:31,714:INFO: - Eval metrics: accuracy: 0.571 ; recall: 0.397 ; loss: 0.686
2018-03-20 02:34:31,867:INFO: - Found new best accuracy, saving in experiments/jrun/best_weights/after-epoch-3
2018-03-20 02:34:31,868:INFO: Epoch 4/10
2018-03-20 02:34:57,688:INFO: - Train metrics: accuracy: 0.855 ; recall: 0.006 ; loss: 0.381
2018-03-20 02:35:06,975:INFO: - Eval metrics: accuracy: 0.571 ; recall: 0.397 ; loss: 0.686
2018-03-20 02:35:07,074:INFO: - Found new best accuracy, saving in experiments/jrun/best_weights/after-epoch-4
2018-03-20 02:35:07,075:INFO: Epoch 5/10
2018-03-20 02:35:33,614:INFO: - Train metrics: accuracy: 0.855 ; recall: 0.008 ; loss: 0.373
2018-03-20 02:35:42,909:INFO: - Eval metrics: accuracy: 0.571 ; recall: 0.397 ; loss: 0.686
2018-03-20 02:35:43,047:INFO: - Found new best accuracy, saving in experiments/jrun/best_weights/after-epoch-5
2018-03-20 02:35:43,048:INFO: Epoch 6/10
2018-03-20 02:36:09,036:INFO: - Train metrics: accuracy: 0.857 ; recall: 0.004 ; loss: 0.354
2018-03-20 02:36:18,371:INFO: - Eval metrics: accuracy: 0.571 ; recall: 0.397 ; loss: 0.686
2018-03-20 02:36:18,472:INFO: - Found new best accuracy, saving in experiments/jrun/best_weights/after-epoch-6
2018-03-20 02:36:18,473:INFO: Epoch 7/10
2018-03-20 02:36:44,520:INFO: - Train metrics: accuracy: 0.856 ; recall: 0.004 ; loss: 0.351
2018-03-20 02:43:02,689:INFO: Creating the datasets...
2018-03-20 02:43:02,987:INFO: Creating the model...
2018-03-20 02:43:03,371:INFO: Starting training for 10 epoch(s)
2018-03-20 02:43:03,613:WARNING: From /home/ubuntu/anaconda3/lib/python3.6/site-packages/tensorflow/python/util/tf_should_use.py:107: initialize_all_variables (from tensorflow.python.ops.variables) is deprecated and will be removed after 2017-03-02.
Instructions for updating:
Use `tf.global_variables_initializer` instead.
2018-03-20 02:43:04,003:INFO: Epoch 1/10
2018-03-20 02:43:30,003:INFO: - Train metrics: accuracy: 0.741 ; recall: 0.188 ; loss: 0.519
2018-03-20 02:43:39,404:INFO: - Eval metrics: accuracy: 0.425 ; recall: 0.600 ; loss: 0.704
2018-03-20 02:43:39,519:INFO: - Found new best accuracy, saving in experiments/jrun/best_weights/after-epoch-1
2018-03-20 02:43:39,520:INFO: Epoch 2/10
2018-03-20 02:44:05,494:INFO: - Train metrics: accuracy: 0.857 ; recall: 0.000 ; loss: 0.421
2018-03-20 02:44:15,247:INFO: - Eval metrics: accuracy: 0.425 ; recall: 0.600 ; loss: 0.704
2018-03-20 02:44:15,350:INFO: - Found new best accuracy, saving in experiments/jrun/best_weights/after-epoch-2
2018-03-20 02:44:15,350:INFO: Epoch 3/10
2018-03-20 02:44:41,276:INFO: - Train metrics: accuracy: 0.857 ; recall: 0.000 ; loss: 0.387
2018-03-20 02:44:50,577:INFO: - Eval metrics: accuracy: 0.425 ; recall: 0.600 ; loss: 0.704
2018-03-20 02:44:50,732:INFO: - Found new best accuracy, saving in experiments/jrun/best_weights/after-epoch-3
2018-03-20 02:44:50,733:INFO: Epoch 4/10
2018-03-20 02:45:16,798:INFO: - Train metrics: accuracy: 0.857 ; recall: 0.000 ; loss: 0.367
2018-03-20 02:45:26,096:INFO: - Eval metrics: accuracy: 0.425 ; recall: 0.600 ; loss: 0.704
2018-03-20 02:45:26,203:INFO: - Found new best accuracy, saving in experiments/jrun/best_weights/after-epoch-4
2018-03-20 02:45:26,204:INFO: Epoch 5/10
2018-03-20 02:45:52,179:INFO: - Train metrics: accuracy: 0.857 ; recall: 0.005 ; loss: 0.349
2018-03-20 02:46:01,467:INFO: - Eval metrics: accuracy: 0.425 ; recall: 0.600 ; loss: 0.704
2018-03-20 02:46:01,570:INFO: - Found new best accuracy, saving in experiments/jrun/best_weights/after-epoch-5
2018-03-20 02:46:01,570:INFO: Epoch 6/10
2018-03-20 02:46:27,568:INFO: - Train metrics: accuracy: 0.857 ; recall: 0.004 ; loss: 0.345
2018-03-20 02:46:36,861:INFO: - Eval metrics: accuracy: 0.425 ; recall: 0.600 ; loss: 0.704
2018-03-20 02:46:37,002:INFO: - Found new best accuracy, saving in experiments/jrun/best_weights/after-epoch-6
2018-03-20 02:46:37,002:INFO: Epoch 7/10
2018-03-20 02:47:02,903:INFO: - Train metrics: accuracy: 0.859 ; recall: 0.015 ; loss: 0.328
2018-03-20 02:47:12,720:INFO: - Eval metrics: accuracy: 0.425 ; recall: 0.600 ; loss: 0.704
2018-03-20 02:47:12,827:INFO: - Found new best accuracy, saving in experiments/jrun/best_weights/after-epoch-7
2018-03-20 02:47:12,828:INFO: Epoch 8/10
2018-03-20 02:47:38,747:INFO: - Train metrics: accuracy: 0.861 ; recall: 0.028 ; loss: 0.308
2018-03-20 02:47:48,044:INFO: - Eval metrics: accuracy: 0.425 ; recall: 0.600 ; loss: 0.704
2018-03-20 02:47:48,146:INFO: - Found new best accuracy, saving in experiments/jrun/best_weights/after-epoch-8
2018-03-20 02:47:48,146:INFO: Epoch 9/10
2018-03-20 02:48:14,088:INFO: - Train metrics: accuracy: 0.861 ; recall: 0.043 ; loss: 0.305
2018-03-20 02:48:23,376:INFO: - Eval metrics: accuracy: 0.425 ; recall: 0.600 ; loss: 0.704
2018-03-20 02:48:23,479:INFO: - Found new best accuracy, saving in experiments/jrun/best_weights/after-epoch-9
2018-03-20 02:48:23,480:INFO: Epoch 10/10
2018-03-20 02:48:49,294:INFO: - Train metrics: accuracy: 0.864 ; recall: 0.080 ; loss: 0.281
2018-03-20 02:48:58,576:INFO: - Eval metrics: accuracy: 0.425 ; recall: 0.600 ; loss: 0.704
2018-03-20 02:48:58,718:INFO: - Found new best accuracy, saving in experiments/jrun/best_weights/after-epoch-10
2018-03-20 03:38:50,616:INFO: Creating the datasets...
2018-03-20 03:38:50,886:INFO: Creating the model...
2018-03-20 03:38:51,255:INFO: Starting training for 10 epoch(s)
2018-03-20 03:38:51,492:WARNING: From /home/ubuntu/anaconda3/lib/python3.6/site-packages/tensorflow/python/util/tf_should_use.py:107: initialize_all_variables (from tensorflow.python.ops.variables) is deprecated and will be removed after 2017-03-02.
Instructions for updating:
Use `tf.global_variables_initializer` instead.
2018-03-20 03:38:51,857:INFO: Epoch 1/10
2018-03-20 03:39:17,832:INFO: - Train metrics: accuracy: 0.750 ; recall: 0.190 ; loss: 0.530
2018-03-20 04:26:33,607:INFO: Creating the datasets...
2018-03-20 04:26:33,883:INFO: Creating the model...
2018-03-20 04:26:34,255:INFO: Starting training for 10 epoch(s)
2018-03-20 04:26:34,493:WARNING: From /home/ubuntu/anaconda3/lib/python3.6/site-packages/tensorflow/python/util/tf_should_use.py:107: initialize_all_variables (from tensorflow.python.ops.variables) is deprecated and will be removed after 2017-03-02.
Instructions for updating:
Use `tf.global_variables_initializer` instead.
2018-03-20 04:26:34,863:INFO: Epoch 1/10
2018-03-20 04:27:01,079:INFO: - Train metrics: accuracy: 0.735 ; recall: 0.171 ; loss: 0.524
2018-03-20 04:27:10,478:INFO: - Eval metrics: accuracy: 0.530 ; recall: 0.472 ; loss: 0.690
2018-03-20 04:27:10,591:INFO: - Found new best accuracy, saving in experiments/jrun/best_weights/after-epoch-1
2018-03-20 04:27:10,592:INFO: Epoch 2/10
2018-03-20 04:27:36,459:INFO: - Train metrics: accuracy: 0.857 ; recall: 0.000 ; loss: 0.444
2018-03-20 04:27:45,689:INFO: - Eval metrics: accuracy: 0.530 ; recall: 0.472 ; loss: 0.690
2018-03-20 04:27:45,789:INFO: - Found new best accuracy, saving in experiments/jrun/best_weights/after-epoch-2
2018-03-20 04:27:45,789:INFO: Epoch 3/10
2018-03-20 04:28:11,856:INFO: - Train metrics: accuracy: 0.856 ; recall: 0.004 ; loss: 0.395
2018-03-20 04:28:21,099:INFO: - Eval metrics: accuracy: 0.530 ; recall: 0.472 ; loss: 0.690
2018-03-20 04:28:21,238:INFO: - Found new best accuracy, saving in experiments/jrun/best_weights/after-epoch-3
2018-03-20 04:28:21,239:INFO: Epoch 4/10
2018-03-20 04:28:47,089:INFO: - Train metrics: accuracy: 0.856 ; recall: 0.001 ; loss: 0.383
2018-03-20 04:28:56,327:INFO: - Eval metrics: accuracy: 0.530 ; recall: 0.472 ; loss: 0.690
2018-03-20 04:28:56,425:INFO: - Found new best accuracy, saving in experiments/jrun/best_weights/after-epoch-4
2018-03-20 04:28:56,426:INFO: Epoch 5/10
2018-03-20 04:29:22,890:INFO: - Train metrics: accuracy: 0.857 ; recall: 0.000 ; loss: 0.368
2018-03-20 04:29:32,126:INFO: - Eval metrics: accuracy: 0.530 ; recall: 0.472 ; loss: 0.690
2018-03-20 04:29:32,224:INFO: - Found new best accuracy, saving in experiments/jrun/best_weights/after-epoch-5
2018-03-20 04:29:32,225:INFO: Epoch 6/10
2018-03-20 04:29:57,985:INFO: - Train metrics: accuracy: 0.857 ; recall: 0.000 ; loss: 0.355
2018-03-20 04:30:07,264:INFO: - Eval metrics: accuracy: 0.530 ; recall: 0.472 ; loss: 0.690
2018-03-20 04:30:07,362:INFO: - Found new best accuracy, saving in experiments/jrun/best_weights/after-epoch-6
2018-03-20 04:30:07,362:INFO: Epoch 7/10
2018-03-20 04:30:33,219:INFO: - Train metrics: accuracy: 0.857 ; recall: 0.005 ; loss: 0.347
2018-03-20 04:30:42,520:INFO: - Eval metrics: accuracy: 0.530 ; recall: 0.472 ; loss: 0.690
2018-03-20 04:30:42,620:INFO: - Found new best accuracy, saving in experiments/jrun/best_weights/after-epoch-7
2018-03-20 04:30:42,621:INFO: Epoch 8/10
2018-03-20 04:31:08,471:INFO: - Train metrics: accuracy: 0.860 ; recall: 0.032 ; loss: 0.325
2018-03-20 04:31:17,762:INFO: - Eval metrics: accuracy: 0.530 ; recall: 0.472 ; loss: 0.690
2018-03-20 04:31:17,861:INFO: - Found new best accuracy, saving in experiments/jrun/best_weights/after-epoch-8
2018-03-20 04:31:17,862:INFO: Epoch 9/10
2018-03-20 04:31:43,641:INFO: - Train metrics: accuracy: 0.861 ; recall: 0.042 ; loss: 0.302
2018-03-20 04:31:52,924:INFO: - Eval metrics: accuracy: 0.530 ; recall: 0.472 ; loss: 0.690
2018-03-20 04:31:53,023:INFO: - Found new best accuracy, saving in experiments/jrun/best_weights/after-epoch-9
2018-03-20 04:31:53,023:INFO: Epoch 10/10
2018-03-20 04:32:19,434:INFO: - Train metrics: accuracy: 0.865 ; recall: 0.063 ; loss: 0.283
2018-03-20 04:32:28,715:INFO: - Eval metrics: accuracy: 0.530 ; recall: 0.472 ; loss: 0.690
2018-03-20 04:32:28,861:INFO: - Found new best accuracy, saving in experiments/jrun/best_weights/after-epoch-10
2018-03-20 04:37:44,406:INFO: Creating the datasets...
2018-03-20 04:37:58,800:INFO: Creating the datasets...
2018-03-20 04:37:59,080:INFO: Creating the model...
2018-03-20 04:37:59,458:INFO: Starting training for 10 epoch(s)
2018-03-20 04:37:59,698:WARNING: From /home/ubuntu/anaconda3/lib/python3.6/site-packages/tensorflow/python/util/tf_should_use.py:107: initialize_all_variables (from tensorflow.python.ops.variables) is deprecated and will be removed after 2017-03-02.
Instructions for updating:
Use `tf.global_variables_initializer` instead.
2018-03-20 04:38:00,073:INFO: Epoch 1/10
2018-03-20 04:38:05,433:INFO: - Train metrics: accuracy: 0.576 ; recall: 0.392 ; loss: 0.684
2018-03-20 04:38:07,381:INFO: - Eval metrics: accuracy: 0.512 ; recall: 0.404 ; loss: 0.696
2018-03-20 04:38:07,494:INFO: - Found new best accuracy, saving in experiments/jrun/best_weights/after-epoch-1
2018-03-20 04:38:07,495:INFO: Epoch 2/10
2018-03-20 04:38:13,223:INFO: - Train metrics: accuracy: 0.857 ; recall: 0.013 ; loss: 0.446
2018-03-20 04:38:15,091:INFO: - Eval metrics: accuracy: 0.512 ; recall: 0.404 ; loss: 0.696
2018-03-20 04:38:15,193:INFO: - Found new best accuracy, saving in experiments/jrun/best_weights/after-epoch-2
2018-03-20 04:38:15,193:INFO: Epoch 3/10
2018-03-20 04:38:20,361:INFO: - Train metrics: accuracy: 0.856 ; recall: 0.006 ; loss: 0.416
2018-03-20 04:38:22,235:INFO: - Eval metrics: accuracy: 0.512 ; recall: 0.404 ; loss: 0.696
2018-03-20 04:38:22,384:INFO: - Found new best accuracy, saving in experiments/jrun/best_weights/after-epoch-3
2018-03-20 04:38:22,385:INFO: Epoch 4/10
2018-03-20 04:38:27,572:INFO: - Train metrics: accuracy: 0.858 ; recall: 0.063 ; loss: 0.417
2018-03-20 04:38:29,443:INFO: - Eval metrics: accuracy: 0.512 ; recall: 0.404 ; loss: 0.696
2018-03-20 04:38:29,544:INFO: - Found new best accuracy, saving in experiments/jrun/best_weights/after-epoch-4
2018-03-20 04:38:29,544:INFO: Epoch 5/10
2018-03-20 04:38:34,755:INFO: - Train metrics: accuracy: 0.858 ; recall: 0.063 ; loss: 0.371
2018-03-20 04:38:36,619:INFO: - Eval metrics: accuracy: 0.512 ; recall: 0.404 ; loss: 0.696
2018-03-20 04:38:36,724:INFO: - Found new best accuracy, saving in experiments/jrun/best_weights/after-epoch-5
2018-03-20 04:38:36,725:INFO: Epoch 6/10
2018-03-20 04:38:41,958:INFO: - Train metrics: accuracy: 0.868 ; recall: 0.101 ; loss: 0.335
2018-03-20 04:38:43,867:INFO: - Eval metrics: accuracy: 0.512 ; recall: 0.404 ; loss: 0.696
2018-03-20 04:38:43,968:INFO: - Found new best accuracy, saving in experiments/jrun/best_weights/after-epoch-6
2018-03-20 04:38:43,969:INFO: Epoch 7/10
2018-03-20 04:38:49,174:INFO: - Train metrics: accuracy: 0.875 ; recall: 0.152 ; loss: 0.325
2018-03-20 04:38:51,091:INFO: - Eval metrics: accuracy: 0.512 ; recall: 0.404 ; loss: 0.696
2018-03-20 04:38:51,192:INFO: - Found new best accuracy, saving in experiments/jrun/best_weights/after-epoch-7
2018-03-20 04:38:51,193:INFO: Epoch 8/10
2018-03-20 04:38:56,381:INFO: - Train metrics: accuracy: 0.876 ; recall: 0.152 ; loss: 0.318
2018-03-20 04:38:58,295:INFO: - Eval metrics: accuracy: 0.512 ; recall: 0.404 ; loss: 0.696
2018-03-20 04:38:58,397:INFO: - Found new best accuracy, saving in experiments/jrun/best_weights/after-epoch-8
2018-03-20 04:38:58,398:INFO: Epoch 9/10
2018-03-20 04:39:03,588:INFO: - Train metrics: accuracy: 0.863 ; recall: 0.051 ; loss: 0.321
2018-03-20 04:39:05,610:INFO: - Eval metrics: accuracy: 0.512 ; recall: 0.404 ; loss: 0.696
2018-03-20 04:39:05,714:INFO: - Found new best accuracy, saving in experiments/jrun/best_weights/after-epoch-9
2018-03-20 04:39:05,714:INFO: Epoch 10/10
2018-03-20 04:39:10,955:INFO: - Train metrics: accuracy: 0.876 ; recall: 0.158 ; loss: 0.291
2018-03-20 04:39:13,011:INFO: - Eval metrics: accuracy: 0.512 ; recall: 0.404 ; loss: 0.696
2018-03-20 04:39:13,153:INFO: - Found new best accuracy, saving in experiments/jrun/best_weights/after-epoch-10
2018-03-20 04:40:10,063:INFO: Creating the datasets...
2018-03-20 04:40:10,339:INFO: Creating the model...
2018-03-20 04:40:10,711:INFO: Starting training for 10 epoch(s)
2018-03-20 04:40:10,946:WARNING: From /home/ubuntu/anaconda3/lib/python3.6/site-packages/tensorflow/python/util/tf_should_use.py:107: initialize_all_variables (from tensorflow.python.ops.variables) is deprecated and will be removed after 2017-03-02.
Instructions for updating:
Use `tf.global_variables_initializer` instead.
2018-03-20 04:40:11,319:INFO: Epoch 1/10
2018-03-20 04:40:16,760:INFO: - Train metrics: accuracy: 0.490 ; recall: 0.475 ; loss: 0.694
2018-03-20 04:40:18,705:INFO: - Eval metrics: accuracy: 0.550 ; recall: 0.432 ; loss: 0.684
2018-03-20 04:40:18,821:INFO: - Found new best accuracy, saving in experiments/jrun/best_weights/after-epoch-1
2018-03-20 04:40:18,822:INFO: Epoch 2/10
2018-03-20 04:40:24,082:INFO: - Train metrics: accuracy: 0.856 ; recall: 0.000 ; loss: 0.461
2018-03-20 04:40:25,968:INFO: - Eval metrics: accuracy: 0.550 ; recall: 0.432 ; loss: 0.684
2018-03-20 04:40:26,071:INFO: - Found new best accuracy, saving in experiments/jrun/best_weights/after-epoch-2
2018-03-20 04:40:26,072:INFO: Epoch 3/10
2018-03-20 04:40:31,342:INFO: - Train metrics: accuracy: 0.856 ; recall: 0.000 ; loss: 0.445
2018-03-20 04:40:33,206:INFO: - Eval metrics: accuracy: 0.550 ; recall: 0.432 ; loss: 0.684
2018-03-20 04:40:33,359:INFO: - Found new best accuracy, saving in experiments/jrun/best_weights/after-epoch-3
2018-03-20 04:40:33,360:INFO: Epoch 4/10
2018-03-20 04:40:38,594:INFO: - Train metrics: accuracy: 0.858 ; recall: 0.063 ; loss: 0.414
2018-03-20 04:40:40,466:INFO: - Eval metrics: accuracy: 0.550 ; recall: 0.432 ; loss: 0.684
2018-03-20 04:40:40,570:INFO: - Found new best accuracy, saving in experiments/jrun/best_weights/after-epoch-4
2018-03-20 04:40:40,571:INFO: Epoch 5/10
2018-03-20 04:40:45,800:INFO: - Train metrics: accuracy: 0.860 ; recall: 0.095 ; loss: 0.352
2018-03-20 04:40:47,680:INFO: - Eval metrics: accuracy: 0.550 ; recall: 0.432 ; loss: 0.684
2018-03-20 04:40:47,783:INFO: - Found new best accuracy, saving in experiments/jrun/best_weights/after-epoch-5
2018-03-20 04:40:47,784:INFO: Epoch 6/10
2018-03-20 04:40:53,043:INFO: - Train metrics: accuracy: 0.866 ; recall: 0.139 ; loss: 0.349
2018-03-20 04:40:55,017:INFO: - Eval metrics: accuracy: 0.550 ; recall: 0.432 ; loss: 0.684
2018-03-20 04:40:55,122:INFO: - Found new best accuracy, saving in experiments/jrun/best_weights/after-epoch-6
2018-03-20 04:40:55,122:INFO: Epoch 7/10
2018-03-20 04:41:00,344:INFO: - Train metrics: accuracy: 0.871 ; recall: 0.146 ; loss: 0.339
2018-03-20 04:41:02,285:INFO: - Eval metrics: accuracy: 0.550 ; recall: 0.432 ; loss: 0.684
2018-03-20 04:41:02,389:INFO: - Found new best accuracy, saving in experiments/jrun/best_weights/after-epoch-7
2018-03-20 04:41:02,390:INFO: Epoch 8/10
2018-03-20 04:41:07,618:INFO: - Train metrics: accuracy: 0.864 ; recall: 0.051 ; loss: 0.322
2018-03-20 04:41:09,615:INFO: - Eval metrics: accuracy: 0.550 ; recall: 0.432 ; loss: 0.684
2018-03-20 04:41:09,730:INFO: - Found new best accuracy, saving in experiments/jrun/best_weights/after-epoch-8
2018-03-20 04:41:09,730:INFO: Epoch 9/10
2018-03-20 04:41:15,377:INFO: - Train metrics: accuracy: 0.864 ; recall: 0.051 ; loss: 0.306
2018-03-20 04:41:17,305:INFO: - Eval metrics: accuracy: 0.550 ; recall: 0.432 ; loss: 0.684
2018-03-20 04:41:17,409:INFO: - Found new best accuracy, saving in experiments/jrun/best_weights/after-epoch-9
2018-03-20 04:41:17,410:INFO: Epoch 10/10
2018-03-20 04:41:22,615:INFO: - Train metrics: accuracy: 0.876 ; recall: 0.139 ; loss: 0.281
2018-03-20 04:41:24,530:INFO: - Eval metrics: accuracy: 0.550 ; recall: 0.432 ; loss: 0.684
2018-03-20 04:41:24,695:INFO: - Found new best accuracy, saving in experiments/jrun/best_weights/after-epoch-10
2018-03-20 04:41:45,153:INFO: Creating the datasets...
2018-03-20 04:41:45,435:INFO: Creating the model...
2018-03-20 04:41:45,811:INFO: Starting training for 10 epoch(s)
2018-03-20 04:41:46,048:WARNING: From /home/ubuntu/anaconda3/lib/python3.6/site-packages/tensorflow/python/util/tf_should_use.py:107: initialize_all_variables (from tensorflow.python.ops.variables) is deprecated and will be removed after 2017-03-02.
Instructions for updating:
Use `tf.global_variables_initializer` instead.
2018-03-20 04:41:46,416:INFO: Epoch 1/10
2018-03-20 04:41:51,792:INFO: - Train metrics: accuracy: 0.489 ; recall: 0.462 ; loss: 0.696
2018-03-20 04:41:53,751:INFO: - Eval metrics: accuracy: 0.456 ; recall: 0.562 ; loss: 0.699
2018-03-20 04:41:53,867:INFO: - Found new best accuracy, saving in experiments/jrun/best_weights/after-epoch-1
2018-03-20 04:41:53,868:INFO: Epoch 2/10
2018-03-20 04:41:59,114:INFO: - Train metrics: accuracy: 0.856 ; recall: 0.000 ; loss: 0.556
2018-03-20 04:42:00,989:INFO: - Eval metrics: accuracy: 0.456 ; recall: 0.562 ; loss: 0.699
2018-03-20 04:42:01,089:INFO: - Found new best accuracy, saving in experiments/jrun/best_weights/after-epoch-2
2018-03-20 04:42:01,089:INFO: Epoch 3/10
2018-03-20 04:42:06,281:INFO: - Train metrics: accuracy: 0.856 ; recall: 0.000 ; loss: 0.404
2018-03-20 04:42:08,157:INFO: - Eval metrics: accuracy: 0.456 ; recall: 0.562 ; loss: 0.699
2018-03-20 04:42:08,310:INFO: - Found new best accuracy, saving in experiments/jrun/best_weights/after-epoch-3
2018-03-20 04:42:08,311:INFO: Epoch 4/10
2018-03-20 04:42:13,508:INFO: - Train metrics: accuracy: 0.856 ; recall: 0.000 ; loss: 0.444
2018-03-20 04:42:15,383:INFO: - Eval metrics: accuracy: 0.456 ; recall: 0.562 ; loss: 0.699
2018-03-20 04:42:15,482:INFO: - Found new best accuracy, saving in experiments/jrun/best_weights/after-epoch-4
2018-03-20 04:42:15,483:INFO: Epoch 5/10
2018-03-20 04:42:20,702:INFO: - Train metrics: accuracy: 0.859 ; recall: 0.044 ; loss: 0.408
2018-03-20 04:42:22,584:INFO: - Eval metrics: accuracy: 0.456 ; recall: 0.562 ; loss: 0.699
2018-03-20 04:42:22,689:INFO: - Found new best accuracy, saving in experiments/jrun/best_weights/after-epoch-5
2018-03-20 04:42:22,689:INFO: Epoch 6/10
2018-03-20 04:42:27,909:INFO: - Train metrics: accuracy: 0.863 ; recall: 0.095 ; loss: 0.352
2018-03-20 04:42:29,827:INFO: - Eval metrics: accuracy: 0.456 ; recall: 0.562 ; loss: 0.699
2018-03-20 04:42:29,927:INFO: - Found new best accuracy, saving in experiments/jrun/best_weights/after-epoch-6
2018-03-20 04:42:29,927:INFO: Epoch 7/10
2018-03-20 04:42:35,133:INFO: - Train metrics: accuracy: 0.870 ; recall: 0.158 ; loss: 0.327
2018-03-20 04:42:37,051:INFO: - Eval metrics: accuracy: 0.456 ; recall: 0.562 ; loss: 0.699
2018-03-20 04:42:37,151:INFO: - Found new best accuracy, saving in experiments/jrun/best_weights/after-epoch-7
2018-03-20 04:42:37,152:INFO: Epoch 8/10
2018-03-20 04:42:42,351:INFO: - Train metrics: accuracy: 0.876 ; recall: 0.234 ; loss: 0.327
2018-03-20 04:42:44,273:INFO: - Eval metrics: accuracy: 0.456 ; recall: 0.562 ; loss: 0.699
2018-03-20 04:42:44,378:INFO: - Found new best accuracy, saving in experiments/jrun/best_weights/after-epoch-8
2018-03-20 04:42:44,378:INFO: Epoch 9/10
2018-03-20 04:42:49,589:INFO: - Train metrics: accuracy: 0.881 ; recall: 0.209 ; loss: 0.314
2018-03-20 04:42:51,524:INFO: - Eval metrics: accuracy: 0.456 ; recall: 0.562 ; loss: 0.699
2018-03-20 04:42:51,625:INFO: - Found new best accuracy, saving in experiments/jrun/best_weights/after-epoch-9
2018-03-20 04:42:51,625:INFO: Epoch 10/10
2018-03-20 04:42:56,881:INFO: - Train metrics: accuracy: 0.868 ; recall: 0.089 ; loss: 0.295
2018-03-20 04:42:58,801:INFO: - Eval metrics: accuracy: 0.456 ; recall: 0.562 ; loss: 0.699
2018-03-20 04:42:58,944:INFO: - Found new best accuracy, saving in experiments/jrun/best_weights/after-epoch-10
